20121001 10:21:28.834 - SLCMS_Utility CFC: Init() Trapped. Site: Core Code Development, error message was: Data Manager: No such table (SLCMS_System_Flags). Trying to load a table that doesn't exist., error detail was:  Line: DataMgr_MSSQL.cfc:350) - ErrorCode: 128
20121001 10:21:35.744 - ContentCFMfunctions CFC: getDocFromURL() Trapped. Site: Core Code Development, error message was: Element SUBSITESHORTNAME is undefined in TEMP., error detail was:  Line: ContentCFMfunctions.cfc:175) - ErrorCode: 0
20121001 10:23:14.806 - SLCMS_Utility CFC: Init() Trapped. Site: Core Code Development, error message was: Data Manager: No such table (SLCMS_System_Flags). Trying to load a table that doesn't exist., error detail was:  Line: DataMgr_MSSQL.cfc:350) - ErrorCode: 128
20121001 10:24:43.148 - ContentCFMfunctions CFC: getDocFromURL() Trapped. Site: Core Code Development, error message was: Element SUBSITESHORTNAME is undefined in TEMP., error detail was:  Line: ContentCFMfunctions.cfc:175) - ErrorCode: 0
20121001 10:24:46.911 - ContentCFMfunctions CFC: getDocFromURL() Trapped. Site: Core Code Development, error message was: Element SUBSITESHORTNAME is undefined in TEMP., error detail was:  Line: ContentCFMfunctions.cfc:175) - ErrorCode: 0
20121001 10:25:43.765 - SLCMS_Utility CFC: Init() Trapped. Site: Core Code Development, error message was: Data Manager: No such table (SLCMS_System_Flags). Trying to load a table that doesn't exist., error detail was:  Line: DataMgr_MSSQL.cfc:350) - ErrorCode: 128
20121001 10:27:35.616 - SLCMS_Utility CFC: Init() Trapped. Site: Core Code Development, error message was: Data Manager: No such table (SLCMS_System_Flags). Trying to load a table that doesn't exist., error detail was:  Line: DataMgr_MSSQL.cfc:350) - ErrorCode: 128
20121001 10:48:49.353 - Content Search CFC: RefreshCollection()Document Collection Refresh Failed, message was: The key specified is not a directory: C:/Web_Dev/VCSControlledSpace/SLCMS/SLCMS_Core_Development_Space/WebSite/slcms/Sites/Sydney/resources/Files/. Trapped. Site: Core Code Development, error message was: Element LOGGING.THESITELOGNAME is undefined in APPLICATION., error detail was:  Line: Content_Search.cfc:343) - ErrorCode: 2
20121001 10:49:17.390 - Content Search CFC: RefreshCollection()Document Collection Refresh Failed, message was: The key specified is not a directory: C:/Web_Dev/VCSControlledSpace/SLCMS/SLCMS_Core_Development_Space/WebSite/slcms/Sites/s3dt/resources/Files/. Trapped. Site: Core Code Development, error message was: Element LOGGING.THESITELOGNAME is undefined in APPLICATION., error detail was:  Line: Content_Search.cfc:343) - ErrorCode: 2
20121013 10:11:53.451 - SLCMS_Utility CFC: Init() Trapped. Site: Core Code Development, error message was: Data Manager: No such table (SLCMS_System_Flags). Trying to load a table that doesn't exist., error detail was:  Line: DataMgr_MSSQL.cfc:350) - ErrorCode: 128
20121013 11:42:54.10 - SLCMS_Utility CFC: Init() Trapped. Site: Core Code Development, error message was: Data Manager: No such table (SLCMS_System_Flags). Trying to load a table that doesn't exist., error detail was:  Line: DataMgr_MSSQL.cfc:350) - ErrorCode: 128
20121013 11:43:23.950 - ContentCFMfunctions CFC: getDocFromURL() Trapped. Site: Core Code Development, error message was: Element SUBSITESHORTNAME is undefined in TEMP., error detail was:  Line: ContentCFMfunctions.cfc:175) - ErrorCode: 0
20121013 11:43:30.940 - ContentCFMfunctions CFC: getDocFromURL() Trapped. Site: Core Code Development, error message was: Element SUBSITESHORTNAME is undefined in TEMP., error detail was:  Line: ContentCFMfunctions.cfc:175) - ErrorCode: 0
20121013 11:44:45.124 - SLCMS_Utility CFC: Init() Trapped. Site: Core Code Development, error message was: Data Manager: No such table (SLCMS_System_Flags). Trying to load a table that doesn't exist., error detail was:  Line: DataMgr_MSSQL.cfc:350) - ErrorCode: 128
20121029 11:11:12.144 - Content Search CFC: init() Trapped. Site: Test Site, error message was: Element STARTUP.COLLECTIONSROOTPATH is undefined in THEAPPLICATIONCONFIG., error detail was:  Line: Content_Search.cfc:96) - ErrorCode: 0
20121029 11:11:17.555 - Content Search CFC: init() Trapped. Site: Test Site, error message was: Element STARTUP.COLLECTIONSROOTPATH is undefined in THEAPPLICATIONCONFIG., error detail was:  Line: Content_Search.cfc:96) - ErrorCode: 0
20121029 11:11:23.125 - Content Search CFC: init() Trapped. Site: Test Site, error message was: Element STARTUP.COLLECTIONSROOTPATH is undefined in THEAPPLICATIONCONFIG., error detail was:  Line: Content_Search.cfc:96) - ErrorCode: 0
20121029 11:11:27.679 - Content Search CFC: init() Trapped. Site: Test Site, error message was: Element STARTUP.COLLECTIONSROOTPATH is undefined in THEAPPLICATIONCONFIG., error detail was:  Line: Content_Search.cfc:96) - ErrorCode: 0
20121029 11:11:31.920 - Content Search CFC: init() Trapped. Site: Test Site, error message was: Element STARTUP.COLLECTIONSROOTPATH is undefined in THEAPPLICATIONCONFIG., error detail was:  Line: Content_Search.cfc:96) - ErrorCode: 0
20121029 11:11:36.817 - Content Search CFC: init() Trapped. Site: Test Site, error message was: Element STARTUP.COLLECTIONSROOTPATH is undefined in THEAPPLICATIONCONFIG., error detail was:  Line: Content_Search.cfc:96) - ErrorCode: 0
20121029 11:11:41.738 - Content Search CFC: init() Trapped. Site: Test Site, error message was: Element STARTUP.COLLECTIONSROOTPATH is undefined in THEAPPLICATIONCONFIG., error detail was:  Line: Content_Search.cfc:96) - ErrorCode: 0
20121029 11:11:47.319 - Content Search CFC: init() Trapped. Site: Test Site, error message was: Element STARTUP.COLLECTIONSROOTPATH is undefined in THEAPPLICATIONCONFIG., error detail was:  Line: Content_Search.cfc:96) - ErrorCode: 0
20121029 11:11:51.727 - Content Search CFC: init() Trapped. Site: Test Site, error message was: Element STARTUP.COLLECTIONSROOTPATH is undefined in THEAPPLICATIONCONFIG., error detail was:  Line: Content_Search.cfc:96) - ErrorCode: 0
20121029 11:11:55.753 - Content Search CFC: init() Trapped. Site: Test Site, error message was: Element STARTUP.COLLECTIONSROOTPATH is undefined in THEAPPLICATIONCONFIG., error detail was:  Line: Content_Search.cfc:96) - ErrorCode: 0
20121029 11:12:01.549 - Content Search CFC: init() Trapped. Site: Test Site, error message was: Element STARTUP.COLLECTIONSROOTPATH is undefined in THEAPPLICATIONCONFIG., error detail was:  Line: Content_Search.cfc:96) - ErrorCode: 0
20121029 11:12:08.199 - Content Search CFC: init() Trapped. Site: Test Site, error message was: Element STARTUP.COLLECTIONSROOTPATH is undefined in THEAPPLICATIONCONFIG., error detail was:  Line: Content_Search.cfc:96) - ErrorCode: 0
20121029 11:12:12.626 - Content Search CFC: init() Trapped. Site: Test Site, error message was: Element STARTUP.COLLECTIONSROOTPATH is undefined in THEAPPLICATIONCONFIG., error detail was:  Line: Content_Search.cfc:96) - ErrorCode: 0
20121029 11:12:16.911 - Content Search CFC: init() Trapped. Site: Test Site, error message was: Element STARTUP.COLLECTIONSROOTPATH is undefined in THEAPPLICATIONCONFIG., error detail was:  Line: Content_Search.cfc:96) - ErrorCode: 0
20121029 11:12:20.679 - Content Search CFC: init() Trapped. Site: Test Site, error message was: Element STARTUP.COLLECTIONSROOTPATH is undefined in THEAPPLICATIONCONFIG., error detail was:  Line: Content_Search.cfc:96) - ErrorCode: 0
20121029 11:12:24.733 - Content Search CFC: init() Trapped. Site: Test Site, error message was: Element STARTUP.COLLECTIONSROOTPATH is undefined in THEAPPLICATIONCONFIG., error detail was:  Line: Content_Search.cfc:96) - ErrorCode: 0
20121029 11:12:29.318 - Content Search CFC: init() Trapped. Site: Test Site, error message was: Element STARTUP.COLLECTIONSROOTPATH is undefined in THEAPPLICATIONCONFIG., error detail was:  Line: Content_Search.cfc:96) - ErrorCode: 0
20121029 11:12:33.497 - Content Search CFC: init() Trapped. Site: Test Site, error message was: Element STARTUP.COLLECTIONSROOTPATH is undefined in THEAPPLICATIONCONFIG., error detail was:  Line: Content_Search.cfc:96) - ErrorCode: 0
20121029 11:12:38.495 - Content Search CFC: init() Trapped. Site: Test Site, error message was: Element STARTUP.COLLECTIONSROOTPATH is undefined in THEAPPLICATIONCONFIG., error detail was:  Line: Content_Search.cfc:96) - ErrorCode: 0
20121029 11:12:47.975 - Content Search CFC: init() Trapped. Site: Test Site, error message was: Element STARTUP.COLLECTIONSROOTPATH is undefined in THEAPPLICATIONCONFIG., error detail was:  Line: Content_Search.cfc:96) - ErrorCode: 0
20121029 11:59:54.473 - Content Search CFC: init() Trapped. Site: Test Site, error message was: Element STARTUP.COLLECTIONSROOTPATH is undefined in THEAPPLICATIONCONFIG., error detail was:  Line: Content_Search.cfc:96) - ErrorCode: 0
20121029 12:00:00.596 - Content Search CFC: init() Trapped. Site: Test Site, error message was: Element STARTUP.COLLECTIONSROOTPATH is undefined in THEAPPLICATIONCONFIG., error detail was:  Line: Content_Search.cfc:96) - ErrorCode: 0
20121029 12:00:04.970 - Content Search CFC: init() Trapped. Site: Test Site, error message was: Element STARTUP.COLLECTIONSROOTPATH is undefined in THEAPPLICATIONCONFIG., error detail was:  Line: Content_Search.cfc:96) - ErrorCode: 0
20121029 12:00:09.239 - Content Search CFC: init() Trapped. Site: Test Site, error message was: Element STARTUP.COLLECTIONSROOTPATH is undefined in THEAPPLICATIONCONFIG., error detail was:  Line: Content_Search.cfc:96) - ErrorCode: 0
20121029 12:00:13.493 - Content Search CFC: init() Trapped. Site: Test Site, error message was: Element STARTUP.COLLECTIONSROOTPATH is undefined in THEAPPLICATIONCONFIG., error detail was:  Line: Content_Search.cfc:96) - ErrorCode: 0
20121029 12:00:17.558 - Content Search CFC: init() Trapped. Site: Test Site, error message was: Element STARTUP.COLLECTIONSROOTPATH is undefined in THEAPPLICATIONCONFIG., error detail was:  Line: Content_Search.cfc:96) - ErrorCode: 0
20121029 12:00:23.591 - Content Search CFC: init() Trapped. Site: Test Site, error message was: Element STARTUP.COLLECTIONSROOTPATH is undefined in THEAPPLICATIONCONFIG., error detail was:  Line: Content_Search.cfc:96) - ErrorCode: 0
20121029 12:00:28.81 - Content Search CFC: init() Trapped. Site: Test Site, error message was: Element STARTUP.COLLECTIONSROOTPATH is undefined in THEAPPLICATIONCONFIG., error detail was:  Line: Content_Search.cfc:96) - ErrorCode: 0
20121029 12:00:33.619 - Content Search CFC: init() Trapped. Site: Test Site, error message was: Element STARTUP.COLLECTIONSROOTPATH is undefined in THEAPPLICATIONCONFIG., error detail was:  Line: Content_Search.cfc:96) - ErrorCode: 0
20121029 12:17:00.607 - Content Search CFC: init() Trapped. Site: Test Site, error message was: Element STARTUP.COLLECTIONSROOTPATH is undefined in THEAPPLICATIONCONFIG., error detail was:  Line: Content_Search.cfc:96) - ErrorCode: 0
20121029 12:17:06.620 - Content Search CFC: init() Trapped. Site: Test Site, error message was: Element STARTUP.COLLECTIONSROOTPATH is undefined in THEAPPLICATIONCONFIG., error detail was:  Line: Content_Search.cfc:96) - ErrorCode: 0
20121029 12:17:11.53 - Content Search CFC: init() Trapped. Site: Test Site, error message was: Element STARTUP.COLLECTIONSROOTPATH is undefined in THEAPPLICATIONCONFIG., error detail was:  Line: Content_Search.cfc:96) - ErrorCode: 0
20121029 12:17:15.400 - Content Search CFC: init() Trapped. Site: Test Site, error message was: Element STARTUP.COLLECTIONSROOTPATH is undefined in THEAPPLICATIONCONFIG., error detail was:  Line: Content_Search.cfc:96) - ErrorCode: 0
20121029 12:17:19.493 - Content Search CFC: init() Trapped. Site: Test Site, error message was: Element STARTUP.COLLECTIONSROOTPATH is undefined in THEAPPLICATIONCONFIG., error detail was:  Line: Content_Search.cfc:96) - ErrorCode: 0
20121029 12:17:23.639 - Content Search CFC: init() Trapped. Site: Test Site, error message was: Element STARTUP.COLLECTIONSROOTPATH is undefined in THEAPPLICATIONCONFIG., error detail was:  Line: Content_Search.cfc:96) - ErrorCode: 0
20121029 12:17:28.620 - Content Search CFC: init() Trapped. Site: Test Site, error message was: Element STARTUP.COLLECTIONSROOTPATH is undefined in THEAPPLICATIONCONFIG., error detail was:  Line: Content_Search.cfc:96) - ErrorCode: 0
20121029 12:17:32.772 - Content Search CFC: init() Trapped. Site: Test Site, error message was: Element STARTUP.COLLECTIONSROOTPATH is undefined in THEAPPLICATIONCONFIG., error detail was:  Line: Content_Search.cfc:96) - ErrorCode: 0
20121029 12:17:37.744 - Content Search CFC: init() Trapped. Site: Test Site, error message was: Element STARTUP.COLLECTIONSROOTPATH is undefined in THEAPPLICATIONCONFIG., error detail was:  Line: Content_Search.cfc:96) - ErrorCode: 0
20121029 12:17:42.962 - Content Search CFC: init() Trapped. Site: Test Site, error message was: Element STARTUP.COLLECTIONSROOTPATH is undefined in THEAPPLICATIONCONFIG., error detail was:  Line: Content_Search.cfc:96) - ErrorCode: 0
20121029 12:19:31.962 - Content Search CFC: RefreshCollection()Document Collection Refresh Failed, message was: The key specified is not a directory: C:/Web_Dev/VCSControlledSpace/SLCMS/SLCMS_Core_Development_Space/WebSite/slcms/Sites//resources/Files/. Trapped. Site: Test Site, error message was: Element LOGGING.THESITELOGNAME is undefined in APPLICATION., error detail was:  Line: Content_Search.cfc:343) - ErrorCode: 2
