20121202 05:33:02.777 - SLCMS_Utility Init() after variables.LogFolder set
20121202 05:33:03.2 - SLCMS_Utility Init() Finished
20121202 05:33:03.105 - Version Control-Master Init() Started
20121202 05:33:03.112 - Version Control-Master Init() Finished
20121202 05:33:08.529 - PortalControl Init() Started
20121202 05:33:08.876 - PortalControl Init() Finished
20121202 05:33:08.880 - PageStructure Init() Started
20121202 05:33:09.301 - PageStructure Init() Finished
20121202 05:33:09.303 - Content-Database I/O Init() Started
20121202 05:33:09.305 - Content-Database I/O ReInitAfter() Started
20121202 05:33:09.476 - Content-Database I/O ReInitAfter() Finished
20121202 05:33:09.477 - Content-Database I/O Init() Finished
20121202 05:33:09.479 - TemplateManagement Init() Started
20121202 05:33:09.481 - TemplateManagement ReInit() Started
20121202 05:33:10.150 - TemplateManagement ReInit() Finished
20121202 05:33:10.152 - TemplateManagement Init() Finished
20121202 05:33:10.153 - UserControl Init() Started
20121202 05:33:10.280 - UserControl Init() Finished
20121202 05:33:10.282 - UserPermission Init() Started
20121202 05:33:10.284 - UserPermission Init() Finished
20121202 05:33:10.290 - FormHandler Started
20121202 05:33:10.292 - FormHandler Finished
20121202 05:33:10.294 - ContentSearch I/O Started
20121202 05:33:12.315 - ContentSearch I/O Finished
20121202 05:33:13.190 - System_ModuleManager Init() Started
20121202 05:33:13.199 - System_ModuleManager Init() Finished
20121202 05:54:49.343 - SLCMS_Utility Init() after variables.LogFolder set
20121202 05:54:49.364 - SLCMS_Utility Init() Finished
20121202 05:54:49.368 - Version Control-Master Init() Started
20121202 05:54:49.373 - Version Control-Master Init() Finished
20121202 05:54:50.91 - PortalControl Init() Started
20121202 05:54:50.228 - PortalControl Init() Finished
20121202 05:54:50.230 - PageStructure Init() Started
20121202 05:54:50.498 - PageStructure Init() Finished
20121202 05:54:50.499 - Content-Database I/O Init() Started
20121202 05:54:50.500 - Content-Database I/O ReInitAfter() Started
20121202 05:54:50.584 - Content-Database I/O ReInitAfter() Finished
20121202 05:54:50.585 - Content-Database I/O Init() Finished
20121202 05:54:50.586 - TemplateManagement Init() Started
20121202 05:54:50.588 - TemplateManagement ReInit() Started
20121202 05:54:50.993 - TemplateManagement ReInit() Finished
20121202 05:54:50.995 - TemplateManagement Init() Finished
20121202 05:54:50.996 - UserControl Init() Started
20121202 05:54:51.101 - UserControl Init() Finished
20121202 05:54:51.103 - UserPermission Init() Started
20121202 05:54:51.104 - UserPermission Init() Finished
20121202 05:54:51.105 - FormHandler Started
20121202 05:54:51.107 - FormHandler Finished
20121202 05:54:51.108 - ContentSearch I/O Started
20121202 05:54:52.804 - ContentSearch I/O Finished
20121202 05:55:38.562 - SLCMS_Utility Init() after variables.LogFolder set
20121202 05:55:38.577 - SLCMS_Utility Init() Finished
20121202 05:55:38.580 - Version Control-Master Init() Started
20121202 05:55:38.585 - Version Control-Master Init() Finished
20121202 05:55:39.241 - PortalControl Init() Started
20121202 05:55:39.356 - PortalControl Init() Finished
20121202 05:55:39.358 - PageStructure Init() Started
20121202 05:55:39.568 - PageStructure Init() Finished
20121202 05:55:39.570 - Content-Database I/O Init() Started
20121202 05:55:39.571 - Content-Database I/O ReInitAfter() Started
20121202 05:55:39.640 - Content-Database I/O ReInitAfter() Finished
20121202 05:55:39.641 - Content-Database I/O Init() Finished
20121202 05:55:39.642 - TemplateManagement Init() Started
20121202 05:55:39.644 - TemplateManagement ReInit() Started
20121202 05:55:39.984 - TemplateManagement ReInit() Finished
20121202 05:55:39.985 - TemplateManagement Init() Finished
20121202 05:55:39.987 - UserControl Init() Started
20121202 05:55:40.89 - UserControl Init() Finished
20121202 05:55:40.91 - UserPermission Init() Started
20121202 05:55:40.92 - UserPermission Init() Finished
20121202 05:55:40.93 - FormHandler Started
20121202 05:55:40.95 - FormHandler Finished
20121202 05:55:40.96 - ContentSearch I/O Started
20121202 05:55:41.718 - ContentSearch I/O Finished
20121202 05:56:09.931 - SLCMS_Utility Init() after variables.LogFolder set
20121202 05:56:09.950 - SLCMS_Utility Init() Finished
20121202 05:56:09.954 - Version Control-Master Init() Started
20121202 05:56:09.959 - Version Control-Master Init() Finished
20121202 05:56:10.537 - PortalControl Init() Started
20121202 05:56:10.660 - PortalControl Init() Finished
20121202 05:56:10.662 - PageStructure Init() Started
20121202 05:56:10.815 - PageStructure Init() Finished
20121202 05:56:10.816 - Content-Database I/O Init() Started
20121202 05:56:10.817 - Content-Database I/O ReInitAfter() Started
20121202 05:56:10.887 - Content-Database I/O ReInitAfter() Finished
20121202 05:56:10.889 - Content-Database I/O Init() Finished
20121202 05:56:10.890 - TemplateManagement Init() Started
20121202 05:56:10.891 - TemplateManagement ReInit() Started
20121202 05:56:11.359 - TemplateManagement ReInit() Finished
20121202 05:56:11.360 - TemplateManagement Init() Finished
20121202 05:56:11.362 - UserControl Init() Started
20121202 05:56:11.471 - UserControl Init() Finished
20121202 05:56:11.473 - UserPermission Init() Started
20121202 05:56:11.474 - UserPermission Init() Finished
20121202 05:56:11.475 - FormHandler Started
20121202 05:56:11.476 - FormHandler Finished
20121202 05:56:11.477 - ContentSearch I/O Started
20121202 05:56:13.99 - ContentSearch I/O Finished
20121202 05:56:13.608 - System_ModuleManager Init() Started
20121202 05:56:13.613 - System_ModuleManager Init() Finished
20121202 05:59:34.756 - SLCMS_Utility Init() after variables.LogFolder set
20121202 05:59:34.772 - SLCMS_Utility Init() Finished
20121202 05:59:34.776 - Version Control-Master Init() Started
20121202 05:59:34.781 - Version Control-Master Init() Finished
20121202 05:59:36.138 - PortalControl Init() Started
20121202 05:59:36.251 - PortalControl Init() Finished
20121202 05:59:36.253 - PageStructure Init() Started
20121202 05:59:36.432 - PageStructure Init() Finished
20121202 05:59:36.433 - Content-Database I/O Init() Started
20121202 05:59:36.434 - Content-Database I/O ReInitAfter() Started
20121202 05:59:36.510 - Content-Database I/O ReInitAfter() Finished
20121202 05:59:36.512 - Content-Database I/O Init() Finished
20121202 05:59:36.513 - TemplateManagement Init() Started
20121202 05:59:36.514 - TemplateManagement ReInit() Started
20121202 05:59:36.861 - TemplateManagement ReInit() Finished
20121202 05:59:36.882 - TemplateManagement Init() Finished
20121202 05:59:36.883 - UserControl Init() Started
20121202 05:59:37.8 - UserControl Init() Finished
20121202 05:59:37.9 - UserPermission Init() Started
20121202 05:59:37.10 - UserPermission Init() Finished
20121202 05:59:37.12 - FormHandler Started
20121202 05:59:37.13 - FormHandler Finished
20121202 05:59:37.15 - ContentSearch I/O Started
20121202 05:59:38.651 - ContentSearch I/O Finished
20121202 06:08:49.98 - SLCMS_Utility Init() after variables.LogFolder set
20121202 06:08:49.115 - SLCMS_Utility Init() Finished
20121202 06:08:49.118 - Version Control-Master Init() Started
20121202 06:08:49.123 - Version Control-Master Init() Finished
20121202 06:08:50.891 - PortalControl Init() Started
20121202 06:08:51.12 - PortalControl Init() Finished
20121202 06:08:51.14 - PageStructure Init() Started
20121202 06:08:51.168 - PageStructure Init() Finished
20121202 06:08:51.200 - Content-Database I/O Init() Started
20121202 06:08:51.201 - Content-Database I/O ReInitAfter() Started
20121202 06:08:51.252 - Content-Database I/O ReInitAfter() Finished
20121202 06:08:51.253 - Content-Database I/O Init() Finished
20121202 06:08:51.254 - TemplateManagement Init() Started
20121202 06:08:51.256 - TemplateManagement ReInit() Started
20121202 06:08:51.625 - TemplateManagement ReInit() Finished
20121202 06:08:51.627 - TemplateManagement Init() Finished
20121202 06:08:51.628 - UserControl Init() Started
20121202 06:08:51.770 - UserControl Init() Finished
20121202 06:08:51.772 - UserPermission Init() Started
20121202 06:08:51.773 - UserPermission Init() Finished
20121202 06:08:51.774 - FormHandler Started
20121202 06:08:51.775 - FormHandler Finished
20121202 06:08:51.776 - ContentSearch I/O Started
20121202 06:08:53.501 - ContentSearch I/O Finished
20121202 06:09:59.74 - SLCMS_Utility Init() after variables.LogFolder set
20121202 06:09:59.87 - SLCMS_Utility Init() Finished
20121202 06:09:59.91 - Version Control-Master Init() Started
20121202 06:09:59.96 - Version Control-Master Init() Finished
20121202 06:09:59.617 - PortalControl Init() Started
20121202 06:09:59.726 - PortalControl Init() Finished
20121202 06:09:59.728 - PageStructure Init() Started
20121202 06:10:00.168 - PageStructure Init() Finished
20121202 06:10:00.170 - Content-Database I/O Init() Started
20121202 06:10:00.171 - Content-Database I/O ReInitAfter() Started
20121202 06:10:00.217 - Content-Database I/O ReInitAfter() Finished
20121202 06:10:00.219 - Content-Database I/O Init() Finished
20121202 06:10:00.220 - TemplateManagement Init() Started
20121202 06:10:00.221 - TemplateManagement ReInit() Started
20121202 06:10:00.534 - TemplateManagement ReInit() Finished
20121202 06:10:00.536 - TemplateManagement Init() Finished
20121202 06:10:00.537 - UserControl Init() Started
20121202 06:10:00.650 - UserControl Init() Finished
20121202 06:10:00.652 - UserPermission Init() Started
20121202 06:10:00.653 - UserPermission Init() Finished
20121202 06:10:00.655 - FormHandler Started
20121202 06:10:00.656 - FormHandler Finished
20121202 06:10:00.658 - ContentSearch I/O Started
20121202 06:10:02.322 - ContentSearch I/O Finished
20121202 06:10:13.889 - SLCMS_Utility Init() after variables.LogFolder set
20121202 06:10:13.901 - SLCMS_Utility Init() Finished
20121202 06:10:13.904 - Version Control-Master Init() Started
20121202 06:10:13.909 - Version Control-Master Init() Finished
20121202 06:10:14.369 - PortalControl Init() Started
20121202 06:10:14.477 - PortalControl Init() Finished
20121202 06:10:14.479 - PageStructure Init() Started
20121202 06:10:14.911 - PageStructure Init() Finished
20121202 06:10:14.912 - Content-Database I/O Init() Started
20121202 06:10:14.914 - Content-Database I/O ReInitAfter() Started
20121202 06:10:14.970 - Content-Database I/O ReInitAfter() Finished
20121202 06:10:14.972 - Content-Database I/O Init() Finished
20121202 06:10:14.973 - TemplateManagement Init() Started
20121202 06:10:14.975 - TemplateManagement ReInit() Started
20121202 06:10:15.275 - TemplateManagement ReInit() Finished
20121202 06:10:15.276 - TemplateManagement Init() Finished
20121202 06:10:15.277 - UserControl Init() Started
20121202 06:10:15.391 - UserControl Init() Finished
20121202 06:10:15.393 - UserPermission Init() Started
20121202 06:10:15.394 - UserPermission Init() Finished
20121202 06:10:15.395 - FormHandler Started
20121202 06:10:15.396 - FormHandler Finished
20121202 06:10:15.397 - ContentSearch I/O Started
20121202 06:10:17.63 - ContentSearch I/O Finished
20121202 06:11:23.162 - SLCMS_Utility Init() after variables.LogFolder set
20121202 06:11:23.176 - SLCMS_Utility Init() Finished
20121202 06:11:23.179 - Version Control-Master Init() Started
20121202 06:11:23.183 - Version Control-Master Init() Finished
20121202 06:11:23.680 - PortalControl Init() Started
20121202 06:11:23.788 - PortalControl Init() Finished
20121202 06:11:23.791 - PageStructure Init() Started
20121202 06:11:23.924 - PageStructure Init() Finished
20121202 06:11:23.925 - Content-Database I/O Init() Started
20121202 06:11:23.927 - Content-Database I/O ReInitAfter() Started
20121202 06:11:24.25 - Content-Database I/O ReInitAfter() Finished
20121202 06:11:24.26 - Content-Database I/O Init() Finished
20121202 06:11:24.27 - TemplateManagement Init() Started
20121202 06:11:24.28 - TemplateManagement ReInit() Started
20121202 06:11:24.331 - TemplateManagement ReInit() Finished
20121202 06:11:24.332 - TemplateManagement Init() Finished
20121202 06:11:24.333 - UserControl Init() Started
20121202 06:11:24.428 - UserControl Init() Finished
20121202 06:11:24.429 - UserPermission Init() Started
20121202 06:11:24.431 - UserPermission Init() Finished
20121202 06:11:24.432 - FormHandler Started
20121202 06:11:24.433 - FormHandler Finished
20121202 06:11:24.434 - ContentSearch I/O Started
20121202 06:11:26.52 - ContentSearch I/O Finished
20121202 06:11:26.502 - System_ModuleManager Init() Started
20121202 06:11:26.508 - System_ModuleManager Init() Finished
20121202 06:27:01.827 - SLCMS_Utility Init() after variables.LogFolder set
20121202 06:27:01.842 - SLCMS_Utility Init() Finished
20121202 06:27:01.846 - Version Control-Master Init() Started
20121202 06:27:01.851 - Version Control-Master Init() Finished
20121202 06:27:02.344 - PortalControl Init() Started
20121202 06:27:02.463 - PortalControl Init() Finished
20121202 06:27:02.466 - PageStructure Init() Started
20121202 06:27:02.600 - PageStructure Init() Finished
20121202 06:27:02.602 - Content-Database I/O Init() Started
20121202 06:27:02.603 - Content-Database I/O ReInitAfter() Started
20121202 06:27:02.647 - Content-Database I/O ReInitAfter() Finished
20121202 06:27:02.649 - Content-Database I/O Init() Finished
20121202 06:27:02.650 - TemplateManagement Init() Started
20121202 06:27:02.651 - TemplateManagement ReInit() Started
20121202 06:27:02.955 - TemplateManagement ReInit() Finished
20121202 06:27:02.956 - TemplateManagement Init() Finished
20121202 06:27:02.957 - UserControl Init() Started
20121202 06:27:03.68 - UserControl Init() Finished
20121202 06:27:03.69 - UserPermission Init() Started
20121202 06:27:03.70 - UserPermission Init() Finished
20121202 06:27:03.72 - FormHandler Started
20121202 06:27:03.73 - FormHandler Finished
20121202 06:27:03.74 - ContentSearch I/O Started
20121202 06:27:04.730 - ContentSearch I/O Finished
20121202 06:27:05.128 - System_ModuleManager Init() Started
20121202 06:27:05.134 - System_ModuleManager Init() Finished
20121202 07:02:15.155 - SLCMS_Utility Init() after variables.LogFolder set
20121202 07:02:15.171 - SLCMS_Utility Init() Finished
20121202 07:02:15.175 - Version Control-Master Init() Started
20121202 07:02:15.180 - Version Control-Master Init() Finished
20121202 07:02:15.638 - PortalControl Init() Started
20121202 07:02:15.746 - PortalControl Init() Finished
20121202 07:02:15.749 - PageStructure Init() Started
20121202 07:02:15.995 - PageStructure Init() Finished
20121202 07:02:15.996 - Content-Database I/O Init() Started
20121202 07:02:15.998 - Content-Database I/O ReInitAfter() Started
20121202 07:02:16.43 - Content-Database I/O ReInitAfter() Finished
20121202 07:02:16.44 - Content-Database I/O Init() Finished
20121202 07:02:16.45 - TemplateManagement Init() Started
20121202 07:02:16.46 - TemplateManagement ReInit() Started
20121202 07:02:16.407 - TemplateManagement ReInit() Finished
20121202 07:02:16.408 - TemplateManagement Init() Finished
20121202 07:02:16.409 - UserControl Init() Started
20121202 07:02:16.504 - UserControl Init() Finished
20121202 07:02:16.505 - UserPermission Init() Started
20121202 07:02:16.507 - UserPermission Init() Finished
20121202 07:02:16.508 - FormHandler Started
20121202 07:02:16.509 - FormHandler Finished
20121202 07:02:16.511 - ContentSearch I/O Started
20121202 07:02:18.226 - ContentSearch I/O Finished
20121202 07:02:18.651 - System_ModuleManager Init() Started
20121202 07:02:18.657 - System_ModuleManager Init() Finished
20121202 07:04:45.745 - SLCMS_Utility Init() after variables.LogFolder set
20121202 07:04:45.758 - SLCMS_Utility Init() Finished
20121202 07:04:45.761 - Version Control-Master Init() Started
20121202 07:04:45.766 - Version Control-Master Init() Finished
20121202 07:04:46.233 - PortalControl Init() Started
20121202 07:04:46.343 - PortalControl Init() Finished
20121202 07:04:46.345 - PageStructure Init() Started
20121202 07:04:46.546 - PageStructure Init() Finished
20121202 07:04:46.547 - Content-Database I/O Init() Started
20121202 07:04:46.549 - Content-Database I/O ReInitAfter() Started
20121202 07:04:46.593 - Content-Database I/O ReInitAfter() Finished
20121202 07:04:46.594 - Content-Database I/O Init() Finished
20121202 07:04:46.595 - TemplateManagement Init() Started
20121202 07:04:46.596 - TemplateManagement ReInit() Started
20121202 07:04:46.851 - TemplateManagement ReInit() Finished
20121202 07:04:46.852 - TemplateManagement Init() Finished
20121202 07:04:46.854 - UserControl Init() Started
20121202 07:04:46.946 - UserControl Init() Finished
20121202 07:04:46.948 - UserPermission Init() Started
20121202 07:04:46.949 - UserPermission Init() Finished
20121202 07:04:46.950 - FormHandler Started
20121202 07:04:46.952 - FormHandler Finished
20121202 07:04:46.953 - ContentSearch I/O Started
20121202 07:04:48.572 - ContentSearch I/O Finished
20121202 07:04:49.16 - System_ModuleManager Init() Started
20121202 07:04:49.22 - System_ModuleManager Init() Finished
20121202 07:06:28.866 - SLCMS_Utility Init() after variables.LogFolder set
20121202 07:06:28.896 - SLCMS_Utility Init() Finished
20121202 07:06:28.925 - Version Control-Master Init() Started
20121202 07:06:28.941 - Version Control-Master Init() Finished
20121202 07:06:32.335 - PortalControl Init() Started
20121202 07:06:32.554 - PortalControl Init() Finished
20121202 07:06:32.557 - PageStructure Init() Started
20121202 07:06:32.958 - PageStructure Init() Finished
20121202 07:06:32.960 - Content-Database I/O Init() Started
20121202 07:06:32.962 - Content-Database I/O ReInitAfter() Started
20121202 07:06:33.13 - Content-Database I/O ReInitAfter() Finished
20121202 07:06:33.14 - Content-Database I/O Init() Finished
20121202 07:06:33.16 - TemplateManagement Init() Started
20121202 07:06:33.18 - TemplateManagement ReInit() Started
20121202 07:06:34.526 - TemplateManagement ReInit() Finished
20121202 07:06:34.527 - TemplateManagement Init() Finished
20121202 07:06:34.528 - UserControl Init() Started
20121202 07:06:34.673 - UserControl Init() Finished
20121202 07:06:34.675 - UserPermission Init() Started
20121202 07:06:34.676 - UserPermission Init() Finished
20121202 07:06:34.678 - FormHandler Started
20121202 07:06:34.679 - FormHandler Finished
20121202 07:06:34.686 - ContentSearch I/O Started
20121202 07:06:36.623 - ContentSearch I/O Finished
20121202 07:06:37.770 - System_ModuleManager Init() Started
20121202 07:06:37.778 - System_ModuleManager Init() Finished
20121202 07:16:54.513 - SLCMS_Utility Init() after variables.LogFolder set
20121202 07:16:54.564 - SLCMS_Utility Init() Finished
20121202 07:16:54.591 - Version Control-Master Init() Started
20121202 07:16:54.607 - Version Control-Master Init() Finished
20121202 07:16:59.274 - PortalControl Init() Started
20121202 07:16:59.834 - PortalControl Init() Finished
20121202 07:16:59.838 - PageStructure Init() Started
20121202 07:17:01.567 - PageStructure Init() Finished
20121202 07:17:01.570 - Content-Database I/O Init() Started
20121202 07:17:01.572 - Content-Database I/O ReInitAfter() Started
20121202 07:17:01.634 - Content-Database I/O ReInitAfter() Finished
20121202 07:17:01.636 - Content-Database I/O Init() Finished
20121202 07:17:01.638 - TemplateManagement Init() Started
20121202 07:17:01.640 - TemplateManagement ReInit() Started
20121202 07:17:11.176 - TemplateManagement ReInit() Finished
20121202 07:17:11.177 - TemplateManagement Init() Finished
20121202 07:17:11.179 - UserControl Init() Started
20121202 07:17:11.660 - UserControl Init() Finished
20121202 07:17:11.662 - UserPermission Init() Started
20121202 07:17:11.663 - UserPermission Init() Finished
20121202 07:17:11.665 - FormHandler Started
20121202 07:17:11.666 - FormHandler Finished
20121202 07:17:11.668 - ContentSearch I/O Started
20121202 07:17:14.480 - ContentSearch I/O Finished
20121202 07:20:08.840 - SLCMS_Utility Init() after variables.LogFolder set
20121202 07:20:08.870 - SLCMS_Utility Init() Finished
20121202 07:20:08.899 - Version Control-Master Init() Started
20121202 07:20:08.932 - Version Control-Master Init() Finished
20121202 07:20:12.836 - PortalControl Init() Started
20121202 07:20:13.11 - PortalControl Init() Finished
20121202 07:20:13.14 - PageStructure Init() Started
20121202 07:20:13.878 - PageStructure Init() Finished
20121202 07:20:13.880 - Content-Database I/O Init() Started
20121202 07:20:13.882 - Content-Database I/O ReInitAfter() Started
20121202 07:20:13.939 - Content-Database I/O ReInitAfter() Finished
20121202 07:20:13.941 - Content-Database I/O Init() Finished
20121202 07:20:13.943 - TemplateManagement Init() Started
20121202 07:20:13.944 - TemplateManagement ReInit() Started
20121202 07:20:16.330 - TemplateManagement ReInit() Finished
20121202 07:20:16.331 - TemplateManagement Init() Finished
20121202 07:20:16.333 - UserControl Init() Started
20121202 07:20:16.812 - UserControl Init() Finished
20121202 07:20:16.814 - UserPermission Init() Started
20121202 07:20:16.816 - UserPermission Init() Finished
20121202 07:20:16.818 - FormHandler Started
20121202 07:20:16.820 - FormHandler Finished
20121202 07:20:16.822 - ContentSearch I/O Started
20121202 07:20:18.676 - ContentSearch I/O Finished
20121202 07:20:20.862 - System_ModuleManager Init() Started
20121202 07:20:20.872 - System_ModuleManager Init() Finished
20121202 07:23:28.679 - SLCMS_Utility Init() after variables.LogFolder set
20121202 07:23:28.721 - SLCMS_Utility Init() Finished
20121202 07:23:28.753 - Version Control-Master Init() Started
20121202 07:23:28.769 - Version Control-Master Init() Finished
20121202 07:23:32.27 - PortalControl Init() Started
20121202 07:23:32.195 - PortalControl Init() Finished
20121202 07:23:32.198 - PageStructure Init() Started
20121202 07:23:32.531 - PageStructure Init() Finished
20121202 07:23:32.533 - Content-Database I/O Init() Started
20121202 07:23:32.535 - Content-Database I/O ReInitAfter() Started
20121202 07:23:32.590 - Content-Database I/O ReInitAfter() Finished
20121202 07:23:32.592 - Content-Database I/O Init() Finished
20121202 07:23:32.594 - TemplateManagement Init() Started
20121202 07:23:32.595 - TemplateManagement ReInit() Started
20121202 07:23:34.935 - TemplateManagement ReInit() Finished
20121202 07:23:34.937 - TemplateManagement Init() Finished
20121202 07:23:34.938 - UserControl Init() Started
20121202 07:23:35.73 - UserControl Init() Finished
20121202 07:23:35.75 - UserPermission Init() Started
20121202 07:23:35.76 - UserPermission Init() Finished
20121202 07:23:35.78 - FormHandler Started
20121202 07:23:35.79 - FormHandler Finished
20121202 07:23:35.81 - ContentSearch I/O Started
20121202 07:23:36.987 - ContentSearch I/O Finished
20121202 07:23:38.364 - System_ModuleManager Init() Started
20121202 07:23:38.371 - System_ModuleManager Init() Finished
20121202 09:07:08.308 - SLCMS_Utility Init() after variables.LogFolder set
20121202 09:07:08.363 - SLCMS_Utility Init() Finished
20121202 09:07:08.495 - Version Control-Master Init() Started
20121202 09:07:08.512 - Version Control-Master Init() Finished
20121202 09:07:13.330 - PortalControl Init() Started
20121202 09:07:14.32 - PortalControl Init() Finished
20121202 09:07:14.35 - PageStructure Init() Started
20121202 09:07:14.390 - PageStructure Init() Finished
20121202 09:07:14.392 - Content-Database I/O Init() Started
20121202 09:07:14.393 - Content-Database I/O ReInitAfter() Started
20121202 09:07:14.445 - Content-Database I/O ReInitAfter() Finished
20121202 09:07:14.446 - Content-Database I/O Init() Finished
20121202 09:07:14.449 - TemplateManagement Init() Started
20121202 09:07:14.451 - TemplateManagement ReInit() Started
20121202 09:07:16.869 - TemplateManagement ReInit() Finished
20121202 09:07:16.871 - TemplateManagement Init() Finished
20121202 09:07:16.872 - UserControl Init() Started
20121202 09:07:17.10 - UserControl Init() Finished
20121202 09:07:17.12 - UserPermission Init() Started
20121202 09:07:17.13 - UserPermission Init() Finished
20121202 09:07:17.15 - FormHandler Started
20121202 09:07:17.17 - FormHandler Finished
20121202 09:07:17.23 - ContentSearch I/O Started
20121202 09:07:18.838 - ContentSearch I/O Finished
20121202 09:07:20.871 - System_ModuleManager Init() Started
20121202 09:07:20.879 - System_ModuleManager Init() Finished
20121202 09:37:17.694 - SLCMS_Utility Init() after variables.LogFolder set
20121202 09:37:17.726 - SLCMS_Utility Init() Finished
20121202 09:37:17.752 - Version Control-Master Init() Started
20121202 09:37:17.768 - Version Control-Master Init() Finished
20121202 09:37:20.120 - PortalControl Init() Started
20121202 09:37:20.299 - PortalControl Init() Finished
20121202 09:37:20.302 - PageStructure Init() Started
20121202 09:37:20.653 - PageStructure Init() Finished
20121202 09:37:20.656 - Content-Database I/O Init() Started
20121202 09:37:20.657 - Content-Database I/O ReInitAfter() Started
20121202 09:37:20.710 - Content-Database I/O ReInitAfter() Finished
20121202 09:37:20.711 - Content-Database I/O Init() Finished
20121202 09:37:20.713 - TemplateManagement Init() Started
20121202 09:37:20.714 - TemplateManagement ReInit() Started
20121202 09:37:22.660 - TemplateManagement ReInit() Finished
20121202 09:37:22.661 - TemplateManagement Init() Finished
20121202 09:37:22.663 - UserControl Init() Started
20121202 09:37:22.799 - UserControl Init() Finished
20121202 09:37:22.801 - UserPermission Init() Started
20121202 09:37:22.802 - UserPermission Init() Finished
20121202 09:37:22.803 - FormHandler Started
20121202 09:37:22.805 - FormHandler Finished
20121202 09:37:22.812 - ContentSearch I/O Started
20121202 09:37:24.704 - ContentSearch I/O Finished
20121202 09:37:26.291 - System_ModuleManager Init() Started
20121202 09:37:26.298 - System_ModuleManager Init() Finished
20121202 09:44:38.516 - SLCMS_Utility Init() after variables.LogFolder set
20121202 09:44:38.556 - SLCMS_Utility Init() Finished
20121202 09:44:38.594 - Version Control-Master Init() Started
20121202 09:44:38.601 - Version Control-Master Init() Finished
20121202 09:44:41.945 - PortalControl Init() Started
20121202 09:44:42.461 - PortalControl Init() Finished
20121202 09:44:42.465 - PageStructure Init() Started
20121202 09:44:43.301 - PageStructure Init() Finished
20121202 09:44:43.303 - Content-Database I/O Init() Started
20121202 09:44:43.305 - Content-Database I/O ReInitAfter() Started
20121202 09:44:43.356 - Content-Database I/O ReInitAfter() Finished
20121202 09:44:43.357 - Content-Database I/O Init() Finished
20121202 09:44:43.360 - TemplateManagement Init() Started
20121202 09:44:43.362 - TemplateManagement ReInit() Started
20121202 09:44:48.431 - TemplateManagement ReInit() Finished
20121202 09:44:48.433 - TemplateManagement Init() Finished
20121202 09:44:48.435 - UserControl Init() Started
20121202 09:44:48.561 - UserControl Init() Finished
20121202 09:44:48.563 - UserPermission Init() Started
20121202 09:44:48.564 - UserPermission Init() Finished
20121202 09:44:48.566 - FormHandler Started
20121202 09:44:48.568 - FormHandler Finished
20121202 09:44:48.570 - ContentSearch I/O Started
20121202 09:44:51.186 - ContentSearch I/O Finished
20121202 09:44:57.687 - System_ModuleManager Init() Started
20121202 09:44:57.713 - System_ModuleManager Init() Finished
20121202 10:39:05.785 - SLCMS_Utility Init() after variables.LogFolder set
20121202 10:39:05.822 - SLCMS_Utility Init() Finished
20121202 10:39:05.849 - Version Control-Master Init() Started
20121202 10:39:05.867 - Version Control-Master Init() Finished
20121202 10:39:12.549 - PortalControl Init() Started
20121202 10:39:13.398 - PortalControl Init() Finished
20121202 10:39:13.401 - PageStructure Init() Started
20121202 10:39:16.817 - PageStructure Init() Finished
20121202 10:39:16.819 - Content-Database I/O Init() Started
20121202 10:39:16.820 - Content-Database I/O ReInitAfter() Started
20121202 10:39:17.201 - Content-Database I/O ReInitAfter() Finished
20121202 10:39:17.202 - Content-Database I/O Init() Finished
20121202 10:39:17.204 - TemplateManagement Init() Started
20121202 10:39:17.206 - TemplateManagement ReInit() Started
20121202 10:39:49.874 - TemplateManagement ReInit() Finished
20121202 10:39:49.875 - TemplateManagement Init() Finished
20121202 10:39:49.877 - UserControl Init() Started
20121202 10:39:50.15 - UserControl Init() Finished
20121202 10:39:50.17 - UserPermission Init() Started
20121202 10:39:50.18 - UserPermission Init() Finished
20121202 10:39:50.20 - FormHandler Started
20121202 10:39:50.23 - FormHandler Finished
20121202 10:39:50.25 - ContentSearch I/O Started
20121202 10:39:51.937 - ContentSearch I/O Finished
20121202 10:39:52.958 - System_ModuleManager Init() Started
20121202 10:39:52.966 - System_ModuleManager Init() Finished
20121202 10:41:35.573 - SLCMS_Utility Init() after variables.LogFolder set
20121202 10:41:35.926 - SLCMS_Utility Init() Finished
20121202 10:41:35.951 - Version Control-Master Init() Started
20121202 10:41:35.968 - Version Control-Master Init() Finished
20121202 10:41:42.800 - PortalControl Init() Started
20121202 10:41:44.280 - PortalControl Init() Finished
20121202 10:41:44.284 - PageStructure Init() Started
20121202 10:41:50.791 - PageStructure Init() Finished
20121202 10:41:50.793 - Content-Database I/O Init() Started
20121202 10:41:50.794 - Content-Database I/O ReInitAfter() Started
20121202 10:41:50.849 - Content-Database I/O ReInitAfter() Finished
20121202 10:41:50.851 - Content-Database I/O Init() Finished
20121202 10:41:51.178 - TemplateManagement Init() Started
20121202 10:41:51.180 - TemplateManagement ReInit() Started
20121202 10:41:53.407 - TemplateManagement ReInit() Finished
20121202 10:41:53.409 - TemplateManagement Init() Finished
20121202 10:41:53.411 - UserControl Init() Started
20121202 10:41:53.633 - UserControl Init() Finished
20121202 10:41:53.635 - UserPermission Init() Started
20121202 10:41:53.637 - UserPermission Init() Finished
20121202 10:41:53.639 - FormHandler Started
20121202 10:41:53.641 - FormHandler Finished
20121202 10:41:53.643 - ContentSearch I/O Started
20121202 10:41:55.632 - ContentSearch I/O Finished
20121202 10:41:56.377 - System_ModuleManager Init() Started
20121202 10:41:56.384 - System_ModuleManager Init() Finished
20121202 10:45:57.866 - SLCMS_Utility Init() after variables.LogFolder set
20121202 10:45:57.913 - SLCMS_Utility Init() Finished
20121202 10:45:57.944 - Version Control-Master Init() Started
20121202 10:45:57.960 - Version Control-Master Init() Finished
20121202 10:45:59.685 - PortalControl Init() Started
20121202 10:45:59.867 - PortalControl Init() Finished
20121202 10:45:59.871 - PageStructure Init() Started
20121202 10:46:00.211 - PageStructure Init() Finished
20121202 10:46:00.213 - Content-Database I/O Init() Started
20121202 10:46:00.215 - Content-Database I/O ReInitAfter() Started
20121202 10:46:00.271 - Content-Database I/O ReInitAfter() Finished
20121202 10:46:00.272 - Content-Database I/O Init() Finished
20121202 10:46:00.274 - TemplateManagement Init() Started
20121202 10:46:00.276 - TemplateManagement ReInit() Started
20121202 10:46:00.833 - TemplateManagement ReInit() Finished
20121202 10:46:00.834 - TemplateManagement Init() Finished
20121202 10:46:00.836 - UserControl Init() Started
20121202 10:46:00.978 - UserControl Init() Finished
20121202 10:46:00.980 - UserPermission Init() Started
20121202 10:46:00.981 - UserPermission Init() Finished
20121202 10:46:00.983 - FormHandler Started
20121202 10:46:00.985 - FormHandler Finished
20121202 10:46:00.991 - ContentSearch I/O Started
20121202 10:46:02.858 - ContentSearch I/O Finished
20121202 10:46:03.595 - System_ModuleManager Init() Started
20121202 10:46:03.603 - System_ModuleManager Init() Finished
20121202 11:09:04.79 - SLCMS_Utility Init() after variables.LogFolder set
20121202 11:09:04.116 - SLCMS_Utility Init() Finished
20121202 11:09:04.155 - Version Control-Master Init() Started
20121202 11:09:04.162 - Version Control-Master Init() Finished
20121202 11:09:07.462 - PortalControl Init() Started
20121202 11:09:07.636 - PortalControl Init() Finished
20121202 11:09:07.640 - PageStructure Init() Started
20121202 11:09:08.520 - PageStructure Init() Finished
20121202 11:09:08.522 - Content-Database I/O Init() Started
20121202 11:09:08.523 - Content-Database I/O ReInitAfter() Started
20121202 11:09:08.581 - Content-Database I/O ReInitAfter() Finished
20121202 11:09:08.582 - Content-Database I/O Init() Finished
20121202 11:09:08.585 - TemplateManagement Init() Started
20121202 11:09:08.586 - TemplateManagement ReInit() Started
20121202 11:09:10.653 - TemplateManagement ReInit() Finished
20121202 11:09:10.654 - TemplateManagement Init() Finished
20121202 11:09:10.656 - UserControl Init() Started
20121202 11:09:10.792 - UserControl Init() Finished
20121202 11:09:10.794 - UserPermission Init() Started
20121202 11:09:10.796 - UserPermission Init() Finished
20121202 11:09:10.798 - FormHandler Started
20121202 11:09:10.800 - FormHandler Finished
20121202 11:09:10.806 - ContentSearch I/O Started
20121202 11:09:12.712 - ContentSearch I/O Finished
20121202 11:09:14.165 - System_ModuleManager Init() Started
20121202 11:09:14.176 - System_ModuleManager Init() Finished
20121202 11:17:29.475 - SLCMS_Utility Init() after variables.LogFolder set
20121202 11:17:29.513 - SLCMS_Utility Init() Finished
20121202 11:17:29.551 - Version Control-Master Init() Started
20121202 11:17:29.558 - Version Control-Master Init() Finished
20121202 11:17:32.768 - PortalControl Init() Started
20121202 11:17:32.957 - PortalControl Init() Finished
20121202 11:17:32.960 - PageStructure Init() Started
20121202 11:17:33.323 - PageStructure Init() Finished
20121202 11:17:33.325 - Content-Database I/O Init() Started
20121202 11:17:33.326 - Content-Database I/O ReInitAfter() Started
20121202 11:17:33.377 - Content-Database I/O ReInitAfter() Finished
20121202 11:17:33.378 - Content-Database I/O Init() Finished
20121202 11:17:33.380 - TemplateManagement Init() Started
20121202 11:17:33.382 - TemplateManagement ReInit() Started
20121202 11:17:34.849 - TemplateManagement ReInit() Finished
20121202 11:17:34.851 - TemplateManagement Init() Finished
20121202 11:17:34.853 - UserControl Init() Started
20121202 11:17:34.986 - UserControl Init() Finished
20121202 11:17:34.988 - UserPermission Init() Started
20121202 11:17:34.989 - UserPermission Init() Finished
20121202 11:17:34.991 - FormHandler Started
20121202 11:17:34.993 - FormHandler Finished
20121202 11:17:34.994 - ContentSearch I/O Started
20121202 11:17:37.343 - ContentSearch I/O Finished
20121202 11:17:38.329 - System_ModuleManager Init() Started
20121202 11:17:38.336 - System_ModuleManager Init() Finished
20121202 12:54:51.297 - SLCMS_Utility Init() after variables.LogFolder set
20121202 12:54:51.318 - SLCMS_Utility Init() Finished
20121202 12:54:51.325 - Version Control-Master Init() Started
20121202 12:54:51.329 - Version Control-Master Init() Finished
20121202 12:54:52.67 - PortalControl Init() Started
20121202 12:54:52.220 - PortalControl Init() Finished
20121202 12:54:52.222 - PageStructure Init() Started
20121202 12:54:52.740 - PageStructure Init() Finished
20121202 12:54:52.741 - Content-Database I/O Init() Started
20121202 12:54:52.742 - Content-Database I/O ReInitAfter() Started
20121202 12:54:52.870 - Content-Database I/O ReInitAfter() Finished
20121202 12:54:52.872 - Content-Database I/O Init() Finished
20121202 12:54:52.873 - TemplateManagement Init() Started
20121202 12:54:52.874 - TemplateManagement ReInit() Started
20121202 12:54:53.731 - TemplateManagement ReInit() Finished
20121202 12:54:53.733 - TemplateManagement Init() Finished
20121202 12:54:53.734 - UserControl Init() Started
20121202 12:54:53.852 - UserControl Init() Finished
20121202 12:54:53.853 - UserPermission Init() Started
20121202 12:54:53.854 - UserPermission Init() Finished
20121202 12:54:53.855 - FormHandler Started
20121202 12:54:53.856 - FormHandler Finished
20121202 12:54:53.857 - ContentSearch I/O Started
20121202 12:54:55.570 - ContentSearch I/O Finished
20121202 12:54:56.11 - System_ModuleManager Init() Started
20121202 12:54:56.16 - System_ModuleManager Init() Finished
20121203 07:56:05.651 - SLCMS_Utility Init() after variables.LogFolder set
20121203 07:56:05.686 - SLCMS_Utility Init() Finished
20121203 07:56:05.849 - Version Control-Master Init() Started
20121203 07:56:05.869 - Version Control-Master Init() Finished
20121203 07:56:12.132 - PortalControl Init() Started
20121203 07:56:12.358 - PortalControl Init() Finished
20121203 07:56:12.362 - PageStructure Init() Started
20121203 07:56:12.806 - PageStructure Init() Finished
20121203 07:56:12.810 - Content-Database I/O Init() Started
20121203 07:56:12.812 - Content-Database I/O ReInitAfter() Started
20121203 07:56:12.881 - Content-Database I/O ReInitAfter() Finished
20121203 07:56:12.883 - Content-Database I/O Init() Finished
20121203 07:56:12.885 - TemplateManagement Init() Started
20121203 07:56:12.888 - TemplateManagement ReInit() Started
20121203 07:56:13.652 - TemplateManagement ReInit() Finished
20121203 07:56:13.661 - TemplateManagement Init() Finished
20121203 07:56:13.669 - UserControl Init() Started
20121203 07:56:13.808 - UserControl Init() Finished
20121203 07:56:13.812 - UserPermission Init() Started
20121203 07:56:13.813 - UserPermission Init() Finished
20121203 07:56:13.815 - FormHandler Started
20121203 07:56:13.818 - FormHandler Finished
20121203 07:56:13.820 - ContentSearch I/O Started
20121203 07:56:15.882 - ContentSearch I/O Finished
20121203 07:56:16.891 - System_ModuleManager Init() Started
20121203 07:56:16.900 - System_ModuleManager Init() Finished
20121203 07:56:18.731 - SLCMS_Utility Init() after variables.LogFolder set
20121203 07:56:18.763 - SLCMS_Utility Init() Finished
20121203 07:56:18.766 - Version Control-Master Init() Started
20121203 07:56:18.771 - Version Control-Master Init() Finished
20121203 07:56:20.309 - PortalControl Init() Started
20121203 07:56:20.451 - PortalControl Init() Finished
20121203 07:56:20.454 - PageStructure Init() Started
20121203 07:56:20.830 - PageStructure Init() Finished
20121203 07:56:20.832 - Content-Database I/O Init() Started
20121203 07:56:20.834 - Content-Database I/O ReInitAfter() Started
20121203 07:56:20.890 - Content-Database I/O ReInitAfter() Finished
20121203 07:56:20.891 - Content-Database I/O Init() Finished
20121203 07:56:20.893 - TemplateManagement Init() Started
20121203 07:56:20.895 - TemplateManagement ReInit() Started
20121203 07:56:21.320 - TemplateManagement ReInit() Finished
20121203 07:56:21.321 - TemplateManagement Init() Finished
20121203 07:56:21.323 - UserControl Init() Started
20121203 07:56:21.436 - UserControl Init() Finished
20121203 07:56:21.437 - UserPermission Init() Started
20121203 07:56:21.439 - UserPermission Init() Finished
20121203 07:56:21.440 - FormHandler Started
20121203 07:56:21.442 - FormHandler Finished
20121203 07:56:21.444 - ContentSearch I/O Started
20121203 07:56:23.146 - ContentSearch I/O Finished
20121203 07:56:23.738 - System_ModuleManager Init() Started
20121203 07:56:23.745 - System_ModuleManager Init() Finished
20121203 07:57:58.425 - SLCMS_Utility Init() after variables.LogFolder set
20121203 07:57:58.440 - SLCMS_Utility Init() Finished
20121203 07:57:58.444 - Version Control-Master Init() Started
20121203 07:57:58.453 - Version Control-Master Init() Finished
20121203 07:57:59.323 - PortalControl Init() Started
20121203 07:57:59.461 - PortalControl Init() Finished
20121203 07:57:59.464 - PageStructure Init() Started
20121203 07:57:59.687 - PageStructure Init() Finished
20121203 07:57:59.689 - Content-Database I/O Init() Started
20121203 07:57:59.690 - Content-Database I/O ReInitAfter() Started
20121203 07:57:59.744 - Content-Database I/O ReInitAfter() Finished
20121203 07:57:59.746 - Content-Database I/O Init() Finished
20121203 07:57:59.785 - TemplateManagement Init() Started
20121203 07:57:59.787 - TemplateManagement ReInit() Started
20121203 07:58:00.196 - TemplateManagement ReInit() Finished
20121203 07:58:00.197 - TemplateManagement Init() Finished
20121203 07:58:00.199 - UserControl Init() Started
20121203 07:58:00.342 - UserControl Init() Finished
20121203 07:58:00.343 - UserPermission Init() Started
20121203 07:58:00.345 - UserPermission Init() Finished
20121203 07:58:00.347 - FormHandler Started
20121203 07:58:00.348 - FormHandler Finished
20121203 07:58:00.350 - ContentSearch I/O Started
20121203 07:58:02.234 - ContentSearch I/O Finished
20121203 07:58:02.986 - System_ModuleManager Init() Started
20121203 07:58:02.992 - System_ModuleManager Init() Finished
20121203 08:03:14.467 - SLCMS_Utility Init() after variables.LogFolder set
20121203 08:03:14.485 - SLCMS_Utility Init() Finished
20121203 08:03:14.488 - Version Control-Master Init() Started
20121203 08:03:14.493 - Version Control-Master Init() Finished
20121203 08:03:15.217 - PortalControl Init() Started
20121203 08:03:15.356 - PortalControl Init() Finished
20121203 08:03:15.358 - PageStructure Init() Started
20121203 08:03:15.532 - PageStructure Init() Finished
20121203 08:03:15.534 - Content-Database I/O Init() Started
20121203 08:03:15.535 - Content-Database I/O ReInitAfter() Started
20121203 08:03:15.597 - Content-Database I/O ReInitAfter() Finished
20121203 08:03:15.598 - Content-Database I/O Init() Finished
20121203 08:03:15.599 - TemplateManagement Init() Started
20121203 08:03:15.601 - TemplateManagement ReInit() Started
20121203 08:03:16.1 - TemplateManagement ReInit() Finished
20121203 08:03:16.3 - TemplateManagement Init() Finished
20121203 08:03:16.5 - UserControl Init() Started
20121203 08:03:16.193 - UserControl Init() Finished
20121203 08:03:16.194 - UserPermission Init() Started
20121203 08:03:16.195 - UserPermission Init() Finished
20121203 08:03:16.196 - FormHandler Started
20121203 08:03:16.198 - FormHandler Finished
20121203 08:03:16.200 - ContentSearch I/O Started
20121203 08:03:17.879 - ContentSearch I/O Finished
20121203 08:03:18.437 - System_ModuleManager Init() Started
20121203 08:03:18.443 - System_ModuleManager Init() Finished
20121203 08:04:42.815 - SLCMS_Utility Init() after variables.LogFolder set
20121203 08:04:42.854 - SLCMS_Utility Init() Finished
20121203 08:04:42.892 - Version Control-Master Init() Started
20121203 08:04:42.901 - Version Control-Master Init() Finished
20121203 08:04:45.810 - PortalControl Init() Started
20121203 08:04:46.316 - PortalControl Init() Finished
20121203 08:04:46.320 - PageStructure Init() Started
20121203 08:04:46.668 - PageStructure Init() Finished
20121203 08:04:46.670 - Content-Database I/O Init() Started
20121203 08:04:46.671 - Content-Database I/O ReInitAfter() Started
20121203 08:04:46.731 - Content-Database I/O ReInitAfter() Finished
20121203 08:04:46.733 - Content-Database I/O Init() Finished
20121203 08:04:46.735 - TemplateManagement Init() Started
20121203 08:04:46.738 - TemplateManagement ReInit() Started
20121203 08:04:49.25 - TemplateManagement ReInit() Finished
20121203 08:04:49.26 - TemplateManagement Init() Finished
20121203 08:04:49.28 - UserControl Init() Started
20121203 08:04:49.166 - UserControl Init() Finished
20121203 08:04:49.168 - UserPermission Init() Started
20121203 08:04:49.170 - UserPermission Init() Finished
20121203 08:04:49.173 - FormHandler Started
20121203 08:04:49.176 - FormHandler Finished
20121203 08:04:49.183 - ContentSearch I/O Started
20121203 08:04:51.317 - ContentSearch I/O Finished
20121203 08:04:53.68 - System_ModuleManager Init() Started
20121203 08:04:53.75 - System_ModuleManager Init() Finished
20121203 08:06:00.796 - SLCMS_Utility Init() after variables.LogFolder set
20121203 08:06:00.821 - SLCMS_Utility Init() Finished
20121203 08:06:00.824 - Version Control-Master Init() Started
20121203 08:06:00.830 - Version Control-Master Init() Finished
20121203 08:06:02.163 - PortalControl Init() Started
20121203 08:06:02.344 - PortalControl Init() Finished
20121203 08:06:02.346 - PageStructure Init() Started
20121203 08:06:02.967 - PageStructure Init() Finished
20121203 08:06:02.969 - Content-Database I/O Init() Started
20121203 08:06:02.970 - Content-Database I/O ReInitAfter() Started
20121203 08:06:03.19 - Content-Database I/O ReInitAfter() Finished
20121203 08:06:03.20 - Content-Database I/O Init() Finished
20121203 08:06:03.21 - TemplateManagement Init() Started
20121203 08:06:03.22 - TemplateManagement ReInit() Started
20121203 08:06:04.953 - TemplateManagement ReInit() Finished
20121203 08:06:04.954 - TemplateManagement Init() Finished
20121203 08:06:04.955 - UserControl Init() Started
20121203 08:06:05.59 - UserControl Init() Finished
20121203 08:06:05.61 - UserPermission Init() Started
20121203 08:06:05.62 - UserPermission Init() Finished
20121203 08:06:05.64 - FormHandler Started
20121203 08:06:05.65 - FormHandler Finished
20121203 08:06:05.66 - ContentSearch I/O Started
20121203 08:06:06.696 - ContentSearch I/O Finished
20121203 08:06:08.280 - System_ModuleManager Init() Started
20121203 08:06:08.285 - System_ModuleManager Init() Finished
20121203 08:32:00.987 - SLCMS_Utility Init() after variables.LogFolder set
20121203 08:32:01.372 - SLCMS_Utility Init() Finished
20121203 08:32:01.398 - Version Control-Master Init() Started
20121203 08:32:01.414 - Version Control-Master Init() Finished
20121203 08:32:02.313 - PortalControl Init() Started
20121203 08:32:02.504 - PortalControl Init() Finished
20121203 08:32:02.507 - PageStructure Init() Started
20121203 08:32:02.757 - PageStructure Init() Finished
20121203 08:32:02.759 - Content-Database I/O Init() Started
20121203 08:32:02.760 - Content-Database I/O ReInitAfter() Started
20121203 08:32:02.849 - Content-Database I/O ReInitAfter() Finished
20121203 08:32:02.851 - Content-Database I/O Init() Finished
20121203 08:32:02.853 - TemplateManagement Init() Started
20121203 08:32:02.855 - TemplateManagement ReInit() Started
20121203 08:32:03.410 - TemplateManagement ReInit() Finished
20121203 08:32:03.411 - TemplateManagement Init() Finished
20121203 08:32:03.413 - UserControl Init() Started
20121203 08:32:03.548 - UserControl Init() Finished
20121203 08:32:03.551 - UserPermission Init() Started
20121203 08:32:03.552 - UserPermission Init() Finished
20121203 08:32:03.554 - FormHandler Started
20121203 08:32:03.556 - FormHandler Finished
20121203 08:32:03.558 - ContentSearch I/O Started
20121203 08:32:05.436 - ContentSearch I/O Finished
20121203 08:32:05.658 - System_ModuleManager Init() Started
20121203 08:32:05.667 - System_ModuleManager Init() Finished
20121203 08:35:40.719 - SLCMS_Utility Init() after variables.LogFolder set
20121203 08:35:40.740 - SLCMS_Utility Init() Finished
20121203 08:35:40.744 - Version Control-Master Init() Started
20121203 08:35:40.767 - Version Control-Master Init() Finished
20121203 08:35:40.775 - PortalControl Init() Started
20121203 08:35:40.939 - PortalControl Init() Finished
20121203 08:35:40.941 - PageStructure Init() Started
20121203 08:35:41.112 - PageStructure Init() Finished
20121203 08:35:41.113 - Content-Database I/O Init() Started
20121203 08:35:41.115 - Content-Database I/O ReInitAfter() Started
20121203 08:35:41.216 - Content-Database I/O ReInitAfter() Finished
20121203 08:35:41.217 - Content-Database I/O Init() Finished
20121203 08:35:41.218 - TemplateManagement Init() Started
20121203 08:35:41.220 - TemplateManagement ReInit() Started
20121203 08:35:41.616 - TemplateManagement ReInit() Finished
20121203 08:35:41.617 - TemplateManagement Init() Finished
20121203 08:35:41.619 - UserControl Init() Started
20121203 08:35:41.728 - UserControl Init() Finished
20121203 08:35:41.730 - UserPermission Init() Started
20121203 08:35:41.731 - UserPermission Init() Finished
20121203 08:35:41.736 - FormHandler Started
20121203 08:35:41.738 - FormHandler Finished
20121203 08:35:41.739 - ContentSearch I/O Started
20121203 08:35:43.414 - ContentSearch I/O Finished
20121203 08:35:43.419 - System_ModuleManager Init() Started
20121203 08:35:43.425 - System_ModuleManager Init() Finished
20121203 08:43:28.39 - SLCMS_Utility Init() after variables.LogFolder set
20121203 08:43:28.56 - SLCMS_Utility Init() Finished
20121203 08:43:28.59 - Version Control-Master Init() Started
20121203 08:43:28.77 - Version Control-Master Init() Finished
20121203 08:43:28.110 - PortalControl Init() Started
20121203 08:43:28.291 - PortalControl Init() Finished
20121203 08:43:28.293 - PageStructure Init() Started
20121203 08:43:28.508 - PageStructure Init() Finished
20121203 08:43:28.509 - Content-Database I/O Init() Started
20121203 08:43:28.511 - Content-Database I/O ReInitAfter() Started
20121203 08:43:28.602 - Content-Database I/O ReInitAfter() Finished
20121203 08:43:28.603 - Content-Database I/O Init() Finished
20121203 08:43:28.604 - TemplateManagement Init() Started
20121203 08:43:28.605 - TemplateManagement ReInit() Started
20121203 08:43:28.943 - TemplateManagement ReInit() Finished
20121203 08:43:28.945 - TemplateManagement Init() Finished
20121203 08:43:28.946 - UserControl Init() Started
20121203 08:43:29.64 - UserControl Init() Finished
20121203 08:43:29.65 - UserPermission Init() Started
20121203 08:43:29.67 - UserPermission Init() Finished
20121203 08:43:29.71 - FormHandler Started
20121203 08:43:29.72 - FormHandler Finished
20121203 08:43:29.73 - ContentSearch I/O Started
20121203 08:43:30.784 - ContentSearch I/O Finished
20121203 08:43:30.789 - System_ModuleManager Init() Started
20121203 08:43:30.794 - System_ModuleManager Init() Finished
20121203 09:20:46.473 - SLCMS_Utility Init() after variables.LogFolder set
20121203 09:20:46.493 - SLCMS_Utility Init() Finished
20121203 09:20:46.497 - Version Control-Master Init() Started
20121203 09:20:46.513 - Version Control-Master Init() Finished
20121203 09:20:46.520 - PortalControl Init() Started
20121203 09:20:46.690 - PortalControl Init() Finished
20121203 09:20:46.692 - PageStructure Init() Started
20121203 09:20:46.895 - PageStructure Init() Finished
20121203 09:20:46.896 - Content-Database I/O Init() Started
20121203 09:20:46.897 - Content-Database I/O ReInitAfter() Started
20121203 09:20:46.980 - Content-Database I/O ReInitAfter() Finished
20121203 09:20:46.981 - Content-Database I/O Init() Finished
20121203 09:20:46.982 - TemplateManagement Init() Started
20121203 09:20:46.984 - TemplateManagement ReInit() Started
20121203 09:20:47.376 - TemplateManagement ReInit() Finished
20121203 09:20:47.377 - TemplateManagement Init() Finished
20121203 09:20:47.378 - UserControl Init() Started
20121203 09:20:47.479 - UserControl Init() Finished
20121203 09:20:47.480 - UserPermission Init() Started
20121203 09:20:47.481 - UserPermission Init() Finished
20121203 09:20:47.482 - FormHandler Started
20121203 09:20:47.483 - FormHandler Finished
20121203 09:20:47.484 - ContentSearch I/O Started
20121203 09:20:49.255 - ContentSearch I/O Finished
20121203 09:20:49.259 - System_ModuleManager Init() Started
20121203 09:20:49.263 - System_ModuleManager Init() Finished
20121203 09:22:38.22 - SLCMS_Utility Init() after variables.LogFolder set
20121203 09:22:38.66 - SLCMS_Utility Init() Finished
20121203 09:22:38.99 - Version Control-Master Init() Started
20121203 09:22:38.117 - Version Control-Master Init() Finished
20121203 09:22:39.43 - PortalControl Init() Started
20121203 09:22:39.861 - PortalControl Init() Finished
20121203 09:22:39.954 - PageStructure Init() Started
20121203 09:22:40.402 - PageStructure Init() Finished
20121203 09:22:40.404 - Content-Database I/O Init() Started
20121203 09:22:40.406 - Content-Database I/O ReInitAfter() Started
20121203 09:22:40.495 - Content-Database I/O ReInitAfter() Finished
20121203 09:22:40.496 - Content-Database I/O Init() Finished
20121203 09:22:40.498 - TemplateManagement Init() Started
20121203 09:22:40.501 - TemplateManagement ReInit() Started
20121203 09:22:42.394 - TemplateManagement ReInit() Finished
20121203 09:22:42.397 - TemplateManagement Init() Finished
20121203 09:22:42.399 - UserControl Init() Started
20121203 09:22:42.545 - UserControl Init() Finished
20121203 09:22:42.549 - UserPermission Init() Started
20121203 09:22:42.550 - UserPermission Init() Finished
20121203 09:22:42.552 - FormHandler Started
20121203 09:22:42.553 - FormHandler Finished
20121203 09:22:42.556 - ContentSearch I/O Started
20121203 09:22:44.627 - ContentSearch I/O Finished
20121203 09:22:44.825 - System_ModuleManager Init() Started
20121203 09:22:44.834 - System_ModuleManager Init() Finished
20121203 09:52:03.956 - SLCMS_Utility Init() after variables.LogFolder set
20121203 09:52:03.999 - SLCMS_Utility Init() Finished
20121203 09:52:04.26 - Version Control-Master Init() Started
20121203 09:52:04.46 - Version Control-Master Init() Finished
20121203 09:52:05.423 - PortalControl Init() Started
20121203 09:52:06.217 - PortalControl Init() Finished
20121203 09:52:06.221 - PageStructure Init() Started
20121203 09:52:07.34 - PageStructure Init() Finished
20121203 09:52:07.36 - Content-Database I/O Init() Started
20121203 09:52:07.38 - Content-Database I/O ReInitAfter() Started
20121203 09:52:07.131 - Content-Database I/O ReInitAfter() Finished
20121203 09:52:07.132 - Content-Database I/O Init() Finished
20121203 09:52:07.134 - TemplateManagement Init() Started
20121203 09:52:07.136 - TemplateManagement ReInit() Started
20121203 09:52:11.386 - TemplateManagement ReInit() Finished
20121203 09:52:11.388 - TemplateManagement Init() Finished
20121203 09:52:11.391 - UserControl Init() Started
20121203 09:52:11.528 - UserControl Init() Finished
20121203 09:52:11.531 - UserPermission Init() Started
20121203 09:52:11.532 - UserPermission Init() Finished
20121203 09:52:11.534 - FormHandler Started
20121203 09:52:11.557 - FormHandler Finished
20121203 09:52:11.559 - ContentSearch I/O Started
20121203 09:52:13.727 - ContentSearch I/O Finished
20121203 10:01:46.789 - SLCMS_Utility Init() after variables.LogFolder set
20121203 10:01:46.834 - SLCMS_Utility Init() Finished
20121203 10:01:46.862 - Version Control-Master Init() Started
20121203 10:01:46.880 - Version Control-Master Init() Finished
20121203 10:01:48.189 - PortalControl Init() Started
20121203 10:01:48.770 - PortalControl Init() Finished
20121203 10:01:48.873 - PageStructure Init() Started
20121203 10:01:49.354 - PageStructure Init() Finished
20121203 10:01:49.356 - Content-Database I/O Init() Started
20121203 10:01:49.358 - Content-Database I/O ReInitAfter() Started
20121203 10:01:49.452 - Content-Database I/O ReInitAfter() Finished
20121203 10:01:49.454 - Content-Database I/O Init() Finished
20121203 10:01:49.455 - TemplateManagement Init() Started
20121203 10:01:49.458 - TemplateManagement ReInit() Started
20121203 10:01:51.877 - TemplateManagement ReInit() Finished
20121203 10:01:51.879 - TemplateManagement Init() Finished
20121203 10:01:51.881 - UserControl Init() Started
20121203 10:01:52.14 - UserControl Init() Finished
20121203 10:01:52.16 - UserPermission Init() Started
20121203 10:01:52.18 - UserPermission Init() Finished
20121203 10:01:52.20 - FormHandler Started
20121203 10:01:52.22 - FormHandler Finished
20121203 10:01:52.24 - ContentSearch I/O Started
20121203 10:01:54.428 - ContentSearch I/O Finished
20121203 10:01:54.602 - System_ModuleManager Init() Started
20121203 10:01:54.612 - System_ModuleManager Init() Finished
20121203 10:57:29.441 - SLCMS_Utility Init() after variables.LogFolder set
20121203 10:57:29.481 - SLCMS_Utility Init() Finished
20121203 10:57:29.489 - Version Control-Master Init() Started
20121203 10:57:29.506 - Version Control-Master Init() Finished
20121203 11:04:21.975 - SLCMS_Utility Init() after variables.LogFolder set
20121203 11:04:22.28 - SLCMS_Utility Init() Finished
20121203 11:04:22.66 - Version Control-Master Init() Started
20121203 11:04:22.85 - Version Control-Master Init() Finished
20121203 11:04:23.284 - PortalControl Init() Started
20121203 11:04:23.556 - PortalControl Init() Finished
20121203 11:04:23.645 - PageStructure Init() Started
20121203 11:04:24.104 - PageStructure Init() Finished
20121203 11:04:24.106 - Content-Database I/O Init() Started
20121203 11:04:24.108 - Content-Database I/O ReInitAfter() Started
20121203 11:04:24.194 - Content-Database I/O ReInitAfter() Finished
20121203 11:04:24.196 - Content-Database I/O Init() Finished
20121203 11:04:24.198 - TemplateManagement Init() Started
20121203 11:04:24.200 - TemplateManagement ReInit() Started
20121203 11:04:26.544 - TemplateManagement ReInit() Finished
20121203 11:04:26.546 - TemplateManagement Init() Finished
20121203 11:04:26.547 - UserControl Init() Started
20121203 11:04:26.691 - UserControl Init() Finished
20121203 11:04:26.693 - UserPermission Init() Started
20121203 11:04:26.695 - UserPermission Init() Finished
20121203 11:04:26.697 - FormHandler Started
20121203 11:04:26.698 - FormHandler Finished
20121203 11:04:26.700 - ContentSearch I/O Started
20121203 11:04:28.555 - ContentSearch I/O Finished
20121203 11:04:31.955 - System_ModuleManager Init() Started
20121203 11:04:35.245 - System_ModuleManager Init() Finished
20121212 20:16:20.9 - SLCMS_Utility Init() after variables.LogFolder set
20121212 20:16:21.61 - SLCMS_Utility Init() Finished
20121212 20:16:21.590 - Version Control-Master Init() Started
20121212 20:16:21.636 - Version Control-Master Init() Finished
20121212 20:16:38.847 - PortalControl Init() Started
20121212 20:16:39.641 - PortalControl Init() Finished
20121212 20:16:39.650 - PageStructure Init() Started
20121212 20:16:42.326 - PageStructure Init() Finished
20121212 20:16:42.329 - Content-Database I/O Init() Started
20121212 20:16:42.331 - Content-Database I/O ReInitAfter() Started
20121212 20:16:43.884 - Content-Database I/O ReInitAfter() Finished
20121212 20:16:43.885 - Content-Database I/O Init() Finished
20121212 20:16:43.888 - TemplateManagement Init() Started
20121212 20:16:43.891 - TemplateManagement ReInit() Started
20121212 20:16:44.913 - TemplateManagement ReInit() Finished
20121212 20:16:44.915 - TemplateManagement Init() Finished
20121212 20:16:44.917 - UserControl Init() Started
20121212 20:16:45.831 - UserControl Init() Finished
20121212 20:16:45.833 - UserPermission Init() Started
20121212 20:16:45.834 - UserPermission Init() Finished
20121212 20:16:45.836 - FormHandler Started
20121212 20:16:45.838 - FormHandler Finished
20121212 20:16:45.840 - ContentSearch I/O Started
20121212 20:18:50.997 - ContentSearch I/O Finished
20121212 20:18:51.547 - System_ModuleManager Init() Started
20121212 20:18:54.87 - System_ModuleManager Init() Finished
20121214 18:35:03.4 - SLCMS_Utility Init() after variables.LogFolder set
20121214 18:35:03.282 - SLCMS_Utility Init() Finished
20121214 18:35:03.438 - Version Control-Master Init() Started
20121214 18:35:03.493 - Version Control-Master Init() Finished
20121214 18:35:07.587 - PortalControl Init() Started
20121214 18:35:08.456 - PortalControl Init() Finished
20121214 18:35:08.462 - PageStructure Init() Started
20121214 18:35:11.940 - PageStructure Init() Finished
20121214 18:35:11.942 - Content-Database I/O Init() Started
20121214 18:35:11.944 - Content-Database I/O ReInitAfter() Started
20121214 18:35:13.571 - Content-Database I/O ReInitAfter() Finished
20121214 18:35:13.573 - Content-Database I/O Init() Finished
20121214 18:35:13.623 - TemplateManagement Init() Started
20121214 18:35:13.625 - TemplateManagement ReInit() Started
20121214 18:35:14.292 - TemplateManagement ReInit() Finished
20121214 18:35:14.293 - TemplateManagement Init() Finished
20121214 18:35:14.295 - UserControl Init() Started
20121214 18:35:15.278 - UserControl Init() Finished
20121214 18:35:15.280 - UserPermission Init() Started
20121214 18:35:15.282 - UserPermission Init() Finished
20121214 18:35:15.285 - FormHandler Started
20121214 18:35:15.288 - FormHandler Finished
20121214 18:35:15.291 - ContentSearch I/O Started
20121214 18:35:23.758 - ContentSearch I/O Finished
20121214 18:35:24.280 - System_ModuleManager Init() Started
20121214 18:35:26.236 - System_ModuleManager Init() Finished
20121214 18:41:57.642 - SLCMS_Utility Init() after variables.LogFolder set
20121214 18:41:57.923 - SLCMS_Utility Init() Finished
20121214 18:41:57.928 - Version Control-Master Init() Started
20121214 18:41:57.972 - Version Control-Master Init() Finished
20121214 18:41:57.994 - PortalControl Init() Started
20121214 18:41:58.976 - PortalControl Init() Finished
20121214 18:41:58.980 - PageStructure Init() Started
20121214 18:42:02.495 - PageStructure Init() Finished
20121214 18:42:02.497 - Content-Database I/O Init() Started
20121214 18:42:02.499 - Content-Database I/O ReInitAfter() Started
20121214 18:42:04.19 - Content-Database I/O ReInitAfter() Finished
20121214 18:42:04.22 - Content-Database I/O Init() Finished
20121214 18:42:04.27 - TemplateManagement Init() Started
20121214 18:42:04.32 - TemplateManagement ReInit() Started
20121214 18:42:04.427 - TemplateManagement ReInit() Finished
20121214 18:42:04.429 - TemplateManagement Init() Finished
20121214 18:42:04.431 - UserControl Init() Started
20121214 18:42:05.293 - UserControl Init() Finished
20121214 18:42:05.295 - UserPermission Init() Started
20121214 18:42:05.297 - UserPermission Init() Finished
20121214 18:42:05.298 - FormHandler Started
20121214 18:42:05.301 - FormHandler Finished
20121214 18:42:05.302 - ContentSearch I/O Started
20121214 18:42:12.919 - ContentSearch I/O Finished
20121214 18:42:12.934 - System_ModuleManager Init() Started
20121214 18:42:13.430 - System_ModuleManager Init() Finished
20121217 20:31:55.911 - SLCMS_Utility Init() after variables.LogFolder set
20121217 20:31:56.268 - SLCMS_Utility Init() Finished
20121217 20:31:56.414 - Version Control-Master Init() Started
20121217 20:31:56.491 - Version Control-Master Init() Finished
20121217 20:31:59.825 - PortalControl Init() Started
20121217 20:32:00.831 - PortalControl Init() Finished
20121217 20:32:00.838 - PageStructure Init() Started
20121217 20:32:04.374 - PageStructure Init() Finished
20121217 20:32:04.376 - Content-Database I/O Init() Started
20121217 20:32:04.378 - Content-Database I/O ReInitAfter() Started
20121217 20:32:06.72 - Content-Database I/O ReInitAfter() Finished
20121217 20:32:06.74 - Content-Database I/O Init() Finished
20121217 20:32:06.76 - TemplateManagement Init() Started
20121217 20:32:06.79 - TemplateManagement ReInit() Started
20121217 20:32:06.892 - TemplateManagement ReInit() Finished
20121217 20:32:06.893 - TemplateManagement Init() Finished
20121217 20:32:06.895 - UserControl Init() Started
20121217 20:32:07.875 - UserControl Init() Finished
20121217 20:32:07.877 - UserPermission Init() Started
20121217 20:32:07.879 - UserPermission Init() Finished
20121217 20:32:07.881 - FormHandler Started
20121217 20:32:07.883 - FormHandler Finished
20121217 20:32:07.885 - ContentSearch I/O Started
20121217 20:32:16.422 - ContentSearch I/O Finished
20121217 20:32:16.899 - System_ModuleManager Init() Started
20121217 20:32:19.40 - System_ModuleManager Init() Finished
20121221 20:06:55.272 - SLCMS_Utility Init() after variables.LogFolder set
20121221 20:06:55.755 - SLCMS_Utility Init() Finished
20121221 20:06:55.916 - Version Control-Master Init() Started
20121221 20:06:55.951 - Version Control-Master Init() Finished
20121221 20:06:59.410 - PortalControl Init() Started
20121221 20:07:00.527 - PortalControl Init() Finished
20121221 20:07:00.534 - PageStructure Init() Started
20121221 20:07:03.518 - PageStructure Init() Finished
20121221 20:07:03.521 - Content-Database I/O Init() Started
20121221 20:07:03.522 - Content-Database I/O ReInitAfter() Started
20121221 20:07:04.574 - Content-Database I/O ReInitAfter() Finished
20121221 20:07:04.576 - Content-Database I/O Init() Finished
20121221 20:07:04.577 - TemplateManagement Init() Started
20121221 20:07:04.579 - TemplateManagement ReInit() Started
20121221 20:07:05.225 - TemplateManagement ReInit() Finished
20121221 20:07:05.227 - TemplateManagement Init() Finished
20121221 20:07:05.229 - UserControl Init() Started
20121221 20:07:05.899 - UserControl Init() Finished
20121221 20:07:05.901 - UserPermission Init() Started
20121221 20:07:05.903 - UserPermission Init() Finished
20121221 20:07:05.905 - FormHandler Started
20121221 20:07:05.908 - FormHandler Finished
20121221 20:07:05.911 - ContentSearch I/O Started
20121221 20:07:14.742 - ContentSearch I/O Finished
20121221 20:07:15.185 - System_ModuleManager Init() Started
20121221 20:07:18.408 - System_ModuleManager Init() Finished
20121221 21:50:28.232 - SLCMS_Utility Init() after variables.LogFolder set
20121221 21:50:28.256 - SLCMS_Utility Init() Finished
20121221 21:50:28.262 - Version Control-Master Init() Started
20121221 21:50:28.269 - Version Control-Master Init() Finished
20121221 21:50:28.316 - PortalControl Init() Started
20121221 21:50:28.447 - PortalControl Init() Finished
20121221 21:50:28.451 - PageStructure Init() Started
20121221 21:50:30.252 - PageStructure Init() Finished
20121221 21:50:30.254 - Content-Database I/O Init() Started
20121221 21:50:30.255 - Content-Database I/O ReInitAfter() Started
20121221 21:50:30.406 - Content-Database I/O ReInitAfter() Finished
20121221 21:50:30.407 - Content-Database I/O Init() Finished
20121221 21:50:30.409 - TemplateManagement Init() Started
20121221 21:50:30.410 - TemplateManagement ReInit() Started
20121221 21:50:30.774 - TemplateManagement ReInit() Finished
20121221 21:50:30.776 - TemplateManagement Init() Finished
20121221 21:50:30.777 - UserControl Init() Started
20121221 21:50:30.890 - UserControl Init() Finished
20121221 21:50:30.891 - UserPermission Init() Started
20121221 21:50:30.892 - UserPermission Init() Finished
20121221 21:50:30.893 - FormHandler Started
20121221 21:50:30.895 - FormHandler Finished
20121221 21:50:30.896 - ContentSearch I/O Started
20121221 21:50:38.487 - ContentSearch I/O Finished
20121221 22:23:22.846 - SLCMS_Utility Init() after variables.LogFolder set
20121221 22:23:22.868 - SLCMS_Utility Init() Finished
20121221 22:23:22.872 - Version Control-Master Init() Started
20121221 22:23:22.879 - Version Control-Master Init() Finished
20121221 22:23:23.56 - PortalControl Init() Started
20121221 22:23:23.299 - PortalControl Init() Finished
20121221 22:23:23.322 - PageStructure Init() Started
20121221 22:23:24.665 - PageStructure Init() Finished
20121221 22:23:24.666 - Content-Database I/O Init() Started
20121221 22:23:24.668 - Content-Database I/O ReInitAfter() Started
20121221 22:23:24.801 - Content-Database I/O ReInitAfter() Finished
20121221 22:23:24.802 - Content-Database I/O Init() Finished
20121221 22:23:24.804 - TemplateManagement Init() Started
20121221 22:23:24.805 - TemplateManagement ReInit() Started
20121221 22:23:25.158 - TemplateManagement ReInit() Finished
20121221 22:23:25.160 - TemplateManagement Init() Finished
20121221 22:23:25.162 - UserControl Init() Started
20121221 22:23:25.282 - UserControl Init() Finished
20121221 22:23:25.283 - UserPermission Init() Started
20121221 22:23:25.284 - UserPermission Init() Finished
20121221 22:23:25.286 - FormHandler Started
20121221 22:23:25.287 - FormHandler Finished
20121221 22:23:25.289 - ContentSearch I/O Started
20121221 22:23:32.918 - ContentSearch I/O Finished
20121221 22:27:51.288 - SLCMS_Utility Init() after variables.LogFolder set
20121221 22:27:51.312 - SLCMS_Utility Init() Finished
20121221 22:27:51.315 - Version Control-Master Init() Started
20121221 22:27:51.321 - Version Control-Master Init() Finished
20121221 22:27:51.343 - PortalControl Init() Started
20121221 22:27:51.443 - PortalControl Init() Finished
20121221 22:27:51.488 - PageStructure Init() Started
20121221 22:27:53.779 - PageStructure Init() Finished
20121221 22:27:53.781 - Content-Database I/O Init() Started
20121221 22:27:53.782 - Content-Database I/O ReInitAfter() Started
20121221 22:27:54.767 - Content-Database I/O ReInitAfter() Finished
20121221 22:27:54.771 - Content-Database I/O Init() Finished
20121221 22:27:54.774 - TemplateManagement Init() Started
20121221 22:27:54.779 - TemplateManagement ReInit() Started
20121221 22:27:55.205 - TemplateManagement ReInit() Finished
20121221 22:27:55.206 - TemplateManagement Init() Finished
20121221 22:27:55.207 - UserControl Init() Started
20121221 22:27:55.622 - UserControl Init() Finished
20121221 22:27:55.636 - UserPermission Init() Started
20121221 22:27:55.638 - UserPermission Init() Finished
20121221 22:27:55.640 - FormHandler Started
20121221 22:27:55.642 - FormHandler Finished
20121221 22:27:55.644 - ContentSearch I/O Started
20121221 22:28:03.310 - ContentSearch I/O Finished
20121221 22:36:46.479 - SLCMS_Utility Init() after variables.LogFolder set
20121221 22:36:46.520 - SLCMS_Utility Init() Finished
20121221 22:36:46.550 - Version Control-Master Init() Started
20121221 22:36:46.560 - Version Control-Master Init() Finished
20121221 22:36:47.566 - PortalControl Init() Started
20121221 22:36:47.873 - PortalControl Init() Finished
20121221 22:36:47.880 - PageStructure Init() Started
20121221 22:36:56.234 - PageStructure Init() Finished
20121221 22:36:56.241 - Content-Database I/O Init() Started
20121221 22:36:56.288 - Content-Database I/O ReInitAfter() Started
20121221 22:36:56.426 - Content-Database I/O ReInitAfter() Finished
20121221 22:36:56.427 - Content-Database I/O Init() Finished
20121221 22:36:56.429 - TemplateManagement Init() Started
20121221 22:36:56.431 - TemplateManagement ReInit() Started
20121221 22:36:57.61 - TemplateManagement ReInit() Finished
20121221 22:36:57.62 - TemplateManagement Init() Finished
20121221 22:36:57.65 - UserControl Init() Started
20121221 22:36:58.262 - UserControl Init() Finished
20121221 22:36:58.264 - UserPermission Init() Started
20121221 22:36:58.265 - UserPermission Init() Finished
20121221 22:36:58.267 - FormHandler Started
20121221 22:36:58.269 - FormHandler Finished
20121221 22:36:58.271 - ContentSearch I/O Started
20121221 22:37:06.775 - ContentSearch I/O Finished
20121221 22:37:07.40 - System_ModuleManager Init() Started
20121221 22:37:08.757 - System_ModuleManager Init() Finished
20121222 21:03:12.888 - SLCMS_Utility Init() after variables.LogFolder set
20121222 21:03:12.993 - SLCMS_Utility Init() Finished
20121222 21:03:13.116 - Version Control-Master Init() Started
20121222 21:03:13.124 - Version Control-Master Init() Finished
20121222 21:03:16.652 - PortalControl Init() Started
20121222 21:03:16.967 - PortalControl Init() Finished
20121222 21:03:16.973 - PageStructure Init() Started
20121222 21:03:18.877 - PageStructure Init() Finished
20121222 21:03:18.878 - Content-Database I/O Init() Started
20121222 21:03:18.881 - Content-Database I/O ReInitAfter() Started
20121222 21:03:19.63 - Content-Database I/O ReInitAfter() Finished
20121222 21:03:19.65 - Content-Database I/O Init() Finished
20121222 21:03:19.67 - TemplateManagement Init() Started
20121222 21:03:19.69 - TemplateManagement ReInit() Started
20121222 21:03:19.860 - TemplateManagement ReInit() Finished
20121222 21:03:19.862 - TemplateManagement Init() Finished
20121222 21:03:19.864 - UserControl Init() Started
20121222 21:03:20.71 - UserControl Init() Finished
20121222 21:03:20.74 - UserPermission Init() Started
20121222 21:03:20.75 - UserPermission Init() Finished
20121222 21:03:20.77 - FormHandler Started
20121222 21:03:20.79 - FormHandler Finished
20121222 21:03:20.81 - ContentSearch I/O Started
20121222 21:03:28.435 - ContentSearch I/O Finished
20121222 21:03:28.901 - System_ModuleManager Init() Started
20121222 21:03:30.964 - System_ModuleManager Init() Finished
20121222 21:21:46.83 - SLCMS_Utility Init() after variables.LogFolder set
20121222 21:21:46.100 - SLCMS_Utility Init() Finished
20121222 21:21:46.103 - Version Control-Master Init() Started
20121222 21:21:46.114 - Version Control-Master Init() Finished
20121222 21:21:46.132 - PortalControl Init() Started
20121222 21:21:46.231 - PortalControl Init() Finished
20121222 21:21:46.234 - PageStructure Init() Started
20121222 21:21:47.507 - PageStructure Init() Finished
20121222 21:21:47.509 - Content-Database I/O Init() Started
20121222 21:21:47.510 - Content-Database I/O ReInitAfter() Started
20121222 21:21:47.625 - Content-Database I/O ReInitAfter() Finished
20121222 21:21:47.626 - Content-Database I/O Init() Finished
20121222 21:21:47.627 - TemplateManagement Init() Started
20121222 21:21:47.629 - TemplateManagement ReInit() Started
20121222 21:21:47.948 - TemplateManagement ReInit() Finished
20121222 21:21:47.950 - TemplateManagement Init() Finished
20121222 21:21:47.951 - UserControl Init() Started
20121222 21:21:48.42 - UserControl Init() Finished
20121222 21:21:48.43 - UserPermission Init() Started
20121222 21:21:48.44 - UserPermission Init() Finished
20121222 21:21:48.46 - FormHandler Started
20121222 21:21:48.47 - FormHandler Finished
20121222 21:21:48.49 - ContentSearch I/O Started
20121222 21:21:55.673 - ContentSearch I/O Finished
20121222 21:21:55.692 - System_ModuleManager Init() Started
20121222 21:21:55.998 - System_ModuleManager Init() Finished
20121222 21:46:52.232 - SLCMS_Utility Init() after variables.LogFolder set
20121222 21:46:52.251 - SLCMS_Utility Init() Finished
20121222 21:46:52.257 - Version Control-Master Init() Started
20121222 21:46:52.265 - Version Control-Master Init() Finished
20121222 21:46:52.311 - PortalControl Init() Started
20121222 21:46:52.409 - PortalControl Init() Finished
20121222 21:46:52.413 - PageStructure Init() Started
20121222 21:46:53.441 - PageStructure Init() Finished
20121222 21:46:53.443 - Content-Database I/O Init() Started
20121222 21:46:53.444 - Content-Database I/O ReInitAfter() Started
20121222 21:46:53.566 - Content-Database I/O ReInitAfter() Finished
20121222 21:46:53.567 - Content-Database I/O Init() Finished
20121222 21:46:53.568 - TemplateManagement Init() Started
20121222 21:46:53.569 - TemplateManagement ReInit() Started
20121222 21:46:53.974 - TemplateManagement ReInit() Finished
20121222 21:46:53.976 - TemplateManagement Init() Finished
20121222 21:46:53.977 - UserControl Init() Started
20121222 21:46:54.64 - UserControl Init() Finished
20121222 21:46:54.65 - UserPermission Init() Started
20121222 21:46:54.66 - UserPermission Init() Finished
20121222 21:46:54.67 - FormHandler Started
20121222 21:46:54.69 - FormHandler Finished
20121222 21:46:54.70 - ContentSearch I/O Started
20121222 21:47:01.762 - ContentSearch I/O Finished
20121222 21:47:01.787 - System_ModuleManager Init() Started
20121222 21:47:02.26 - System_ModuleManager Init() Finished
20121222 22:14:00.183 - SLCMS_Utility Init() after variables.LogFolder set
20121222 22:14:00.206 - SLCMS_Utility Init() Finished
20121222 22:14:00.209 - Version Control-Master Init() Started
20121222 22:14:00.215 - Version Control-Master Init() Finished
20121222 22:14:02.922 - PortalControl Init() Started
20121222 22:14:03.30 - PortalControl Init() Finished
20121222 22:14:03.34 - PageStructure Init() Started
20121222 22:14:04.226 - PageStructure Init() Finished
20121222 22:14:04.228 - Content-Database I/O Init() Started
20121222 22:14:04.230 - Content-Database I/O ReInitAfter() Started
20121222 22:14:04.318 - Content-Database I/O ReInitAfter() Finished
20121222 22:14:04.320 - Content-Database I/O Init() Finished
20121222 22:14:04.321 - TemplateManagement Init() Started
20121222 22:14:04.323 - TemplateManagement ReInit() Started
20121222 22:14:04.656 - TemplateManagement ReInit() Finished
20121222 22:14:04.658 - TemplateManagement Init() Finished
20121222 22:14:04.659 - UserControl Init() Started
20121222 22:14:04.740 - UserControl Init() Finished
20121222 22:14:04.741 - UserPermission Init() Started
20121222 22:14:04.742 - UserPermission Init() Finished
20121222 22:14:04.744 - FormHandler Started
20121222 22:14:04.746 - FormHandler Finished
20121222 22:14:04.747 - ContentSearch I/O Started
20121222 22:14:12.446 - ContentSearch I/O Finished
20121222 22:14:12.464 - System_ModuleManager Init() Started
20121222 22:14:13.468 - System_ModuleManager Init() Finished
20121227 20:39:19.539 - SLCMS_Utility Init() after variables.LogFolder set
20121227 20:39:19.861 - SLCMS_Utility Init() Finished
20121227 20:39:20.37 - Version Control-Master Init() Started
20121227 20:39:20.66 - Version Control-Master Init() Finished
20121227 20:39:25.433 - PortalControl Init() Started
20121227 20:39:26.173 - PortalControl Init() Finished
20121227 20:39:26.179 - PageStructure Init() Started
20121227 20:39:28.675 - PageStructure Init() Finished
20121227 20:39:28.678 - Content-Database I/O Init() Started
20121227 20:39:28.680 - Content-Database I/O ReInitAfter() Started
20121227 20:39:29.716 - Content-Database I/O ReInitAfter() Finished
20121227 20:39:29.717 - Content-Database I/O Init() Finished
20121227 20:39:29.719 - TemplateManagement Init() Started
20121227 20:39:29.721 - TemplateManagement ReInit() Started
20121227 20:39:30.309 - TemplateManagement ReInit() Finished
20121227 20:39:30.310 - TemplateManagement Init() Finished
20121227 20:39:30.312 - UserControl Init() Started
20121227 20:39:30.963 - UserControl Init() Finished
20121227 20:39:30.966 - UserPermission Init() Started
20121227 20:39:30.967 - UserPermission Init() Finished
20121227 20:39:30.969 - FormHandler Started
20121227 20:39:30.971 - FormHandler Finished
20121227 20:39:30.973 - ContentSearch I/O Started
20121227 20:39:39.982 - ContentSearch I/O Finished
20121227 20:39:40.649 - System_ModuleManager Init() Started
20121227 20:39:42.989 - System_ModuleManager Init() Finished
20121227 22:20:43.413 - SLCMS_Utility Init() after variables.LogFolder set
20121227 22:20:43.446 - SLCMS_Utility Init() Finished
20121227 22:20:43.452 - Version Control-Master Init() Started
20121227 22:20:43.458 - Version Control-Master Init() Finished
20121227 22:20:45.647 - PortalControl Init() Started
20121227 22:20:45.798 - PortalControl Init() Finished
20121227 22:20:45.802 - PageStructure Init() Started
20121227 22:20:47.698 - PageStructure Init() Finished
20121227 22:20:47.699 - Content-Database I/O Init() Started
20121227 22:20:47.701 - Content-Database I/O ReInitAfter() Started
20121227 22:20:47.847 - Content-Database I/O ReInitAfter() Finished
20121227 22:20:47.849 - Content-Database I/O Init() Finished
20121227 22:20:47.850 - TemplateManagement Init() Started
20121227 22:20:47.852 - TemplateManagement ReInit() Started
20121227 22:20:48.154 - TemplateManagement ReInit() Finished
20121227 22:20:48.155 - TemplateManagement Init() Finished
20121227 22:20:48.156 - UserControl Init() Started
20121227 22:20:48.238 - UserControl Init() Finished
20121227 22:20:48.240 - UserPermission Init() Started
20121227 22:20:48.241 - UserPermission Init() Finished
20121227 22:20:48.243 - FormHandler Started
20121227 22:20:48.244 - FormHandler Finished
20121227 22:20:48.246 - ContentSearch I/O Started
20121227 22:20:55.818 - ContentSearch I/O Finished
20121227 22:20:55.839 - System_ModuleManager Init() Started
20121227 22:20:56.477 - System_ModuleManager Init() Finished
20121228 18:27:35.188 - SLCMS_Utility Init() after variables.LogFolder set
20121228 18:27:35.210 - SLCMS_Utility Init() Finished
20121228 18:27:35.216 - Version Control-Master Init() Started
20121228 18:27:35.222 - Version Control-Master Init() Finished
20121228 18:27:35.688 - PortalControl Init() Started
20121228 18:27:35.809 - PortalControl Init() Finished
20121228 18:27:35.811 - PageStructure Init() Started
20121228 18:27:36.520 - PageStructure Init() Finished
20121228 18:27:36.522 - Content-Database I/O Init() Started
20121228 18:27:36.523 - Content-Database I/O ReInitAfter() Started
20121228 18:27:36.621 - Content-Database I/O ReInitAfter() Finished
20121228 18:27:36.622 - Content-Database I/O Init() Finished
20121228 18:27:36.623 - TemplateManagement Init() Started
20121228 18:27:36.625 - TemplateManagement ReInit() Started
20121228 18:27:36.930 - TemplateManagement ReInit() Finished
20121228 18:27:36.931 - TemplateManagement Init() Finished
20121228 18:27:36.932 - UserControl Init() Started
20121228 18:27:37.7 - UserControl Init() Finished
20121228 18:27:37.8 - UserPermission Init() Started
20121228 18:27:37.9 - UserPermission Init() Finished
20121228 18:27:37.10 - FormHandler Started
20121228 18:27:37.12 - FormHandler Finished
20121228 18:27:37.13 - ContentSearch I/O Started
20121228 18:27:44.739 - ContentSearch I/O Finished
20121228 18:27:44.764 - System_ModuleManager Init() Started
20121228 18:27:45.6 - System_ModuleManager Init() Finished
20121228 19:50:03.339 - SLCMS_Utility Init() after variables.LogFolder set
20121228 19:50:03.901 - SLCMS_Utility Init() Finished
20121228 19:50:04.17 - Version Control-Master Init() Started
20121228 19:50:04.28 - Version Control-Master Init() Finished
20121228 19:50:06.796 - PortalControl Init() Started
20121228 19:50:07.292 - PortalControl Init() Finished
20121228 19:50:07.298 - PageStructure Init() Started
20121228 19:50:11.252 - PageStructure Init() Finished
20121228 19:50:11.258 - Content-Database I/O Init() Started
20121228 19:50:11.260 - Content-Database I/O ReInitAfter() Started
20121228 19:50:11.430 - Content-Database I/O ReInitAfter() Finished
20121228 19:50:11.431 - Content-Database I/O Init() Finished
20121228 19:50:11.433 - TemplateManagement Init() Started
20121228 19:50:11.435 - TemplateManagement ReInit() Started
20121228 19:50:14.200 - TemplateManagement ReInit() Finished
20121228 19:50:14.201 - TemplateManagement Init() Finished
20121228 19:50:14.203 - UserControl Init() Started
20121228 19:50:14.434 - UserControl Init() Finished
20121228 19:50:14.437 - UserPermission Init() Started
20121228 19:50:14.439 - UserPermission Init() Finished
20121228 19:50:14.441 - FormHandler Started
20121228 19:50:14.444 - FormHandler Finished
20121228 19:50:14.446 - ContentSearch I/O Started
20121228 19:50:22.643 - ContentSearch I/O Finished
20121228 19:50:23.560 - System_ModuleManager Init() Started
20121228 19:50:27.462 - System_ModuleManager Init() Finished
20121229 17:21:51.568 - System_ModuleManager ReInitModulesAfter() Started
20121229 17:21:51.787 - System_ModuleManager ReInitModulesAfter() Finished
20121229 17:36:27.305 - System_ModuleManager ReInitModulesAfter() Started
20121229 17:36:27.444 - System_ModuleManager ReInitModulesAfter() Finished
20121229 18:11:18.781 - SLCMS_Utility Init() after variables.LogFolder set
20121229 18:11:18.851 - SLCMS_Utility Init() Finished
20121229 18:11:18.965 - Version Control-Master Init() Started
20121229 18:11:18.976 - Version Control-Master Init() Finished
20121229 18:11:22.896 - PortalControl Init() Started
20121229 18:11:23.265 - PortalControl Init() Finished
20121229 18:11:23.274 - PageStructure Init() Started
20121229 18:11:26.74 - PageStructure Init() Finished
20121229 18:11:26.78 - Content-Database I/O Init() Started
20121229 18:11:26.81 - Content-Database I/O ReInitAfter() Started
20121229 18:11:26.359 - Content-Database I/O ReInitAfter() Finished
20121229 18:11:26.361 - Content-Database I/O Init() Finished
20121229 18:11:26.363 - TemplateManagement Init() Started
20121229 18:11:26.366 - TemplateManagement ReInit() Started
20121229 18:11:27.299 - TemplateManagement ReInit() Finished
20121229 18:11:27.301 - TemplateManagement Init() Finished
20121229 18:11:27.304 - UserControl Init() Started
20121229 18:11:27.549 - UserControl Init() Finished
20121229 18:11:27.551 - UserPermission Init() Started
20121229 18:11:27.553 - UserPermission Init() Finished
20121229 18:11:27.555 - FormHandler Started
20121229 18:11:27.558 - FormHandler Finished
20121229 18:11:27.561 - ContentSearch I/O Started
20121229 18:11:40.835 - ContentSearch I/O Finished
20121229 18:11:41.490 - System_ModuleManager Init() Started
20121229 18:11:45.335 - System_ModuleManager Init() Finished
20121229 18:20:49.910 - SLCMS_Utility Init() after variables.LogFolder set
20121229 18:20:49.978 - SLCMS_Utility Init() Finished
20121229 18:20:50.21 - Version Control-Master Init() Started
20121229 18:20:50.33 - Version Control-Master Init() Finished
20121229 18:20:51.984 - PortalControl Init() Started
20121229 18:20:52.511 - PortalControl Init() Finished
20121229 18:20:52.521 - PageStructure Init() Started
20121229 18:20:56.17 - PageStructure Init() Finished
20121229 18:20:56.20 - Content-Database I/O Init() Started
20121229 18:20:56.22 - Content-Database I/O ReInitAfter() Started
20121229 18:20:56.174 - Content-Database I/O ReInitAfter() Finished
20121229 18:20:56.176 - Content-Database I/O Init() Finished
20121229 18:20:56.179 - TemplateManagement Init() Started
20121229 18:20:56.182 - TemplateManagement ReInit() Started
20121229 18:20:57.698 - TemplateManagement ReInit() Finished
20121229 18:20:57.699 - TemplateManagement Init() Finished
20121229 18:20:57.702 - UserControl Init() Started
20121229 18:20:58.18 - UserControl Init() Finished
20121229 18:20:58.21 - UserPermission Init() Started
20121229 18:20:58.22 - UserPermission Init() Finished
20121229 18:20:58.56 - FormHandler Started
20121229 18:20:58.58 - FormHandler Finished
20121229 18:20:58.61 - ContentSearch I/O Started
20121229 18:21:10.354 - ContentSearch I/O Finished
20121229 18:21:11.280 - System_ModuleManager Init() Started
20121229 18:21:13.604 - System_ModuleManager Init() Finished
20121229 19:02:43.772 - SLCMS_Utility Init() after variables.LogFolder set
20121229 19:02:43.801 - SLCMS_Utility Init() Finished
20121229 19:02:43.809 - Version Control-Master Init() Started
20121229 19:02:43.818 - Version Control-Master Init() Finished
20121229 19:02:43.889 - PortalControl Init() Started
20121229 19:02:44.78 - PortalControl Init() Finished
20121229 19:02:44.83 - PageStructure Init() Started
20121229 19:02:46.738 - PageStructure Init() Finished
20121229 19:02:46.740 - Content-Database I/O Init() Started
20121229 19:02:46.742 - Content-Database I/O ReInitAfter() Started
20121229 19:02:46.959 - Content-Database I/O ReInitAfter() Finished
20121229 19:02:46.960 - Content-Database I/O Init() Finished
20121229 19:02:46.962 - TemplateManagement Init() Started
20121229 19:02:46.964 - TemplateManagement ReInit() Started
20121229 19:02:47.454 - TemplateManagement ReInit() Finished
20121229 19:02:47.456 - TemplateManagement Init() Finished
20121229 19:02:47.458 - UserControl Init() Started
20121229 19:02:47.697 - UserControl Init() Finished
20121229 19:02:47.699 - UserPermission Init() Started
20121229 19:02:47.701 - UserPermission Init() Finished
20121229 19:02:47.702 - FormHandler Started
20121229 19:02:47.704 - FormHandler Finished
20121229 19:02:47.706 - ContentSearch I/O Started
20121229 19:02:59.319 - ContentSearch I/O Finished
20121229 19:03:01.709 - System_ModuleManager Init() Started
20121229 19:03:03.578 - System_ModuleManager Init() Finished
20121229 19:18:53.416 - System_ModuleManager Init() Started
20121229 19:18:53.719 - System_ModuleManager Init() Finished
20121229 20:07:40.925 - System_ModuleManager Init() Started
20121229 20:07:41.440 - System_ModuleManager Init() Finished
20121229 20:17:00.658 - System_ModuleManager Init() Started
20121229 20:17:01.568 - System_ModuleManager Init() Finished
20121229 20:32:37.996 - System_ModuleManager Init() Started
20121229 20:32:38.475 - System_ModuleManager Init() Finished
