The Database Definition load of C:/Web_Dev/VCSControlledSpace/SLCMS/SLCMS_Core_Development_Space/WebSite/SLCMS/Data/Installation/Versions/Current_Version/XML_DB_Table_Definition_System_Tables.xml.cfm Failed. - Time: 20121105-10:33:04Error Message: LoadXML Failed; detail: ALTER TABLE [slcms_type_user_staffroles] ADD [staff_roleid] int NOT NULL
The Database Definition load of C:/Web_Dev/VCSControlledSpace/SLCMS/SLCMS_Core_Development_Space/WebSite/SLCMS/Data/Installation/Versions/Current_Version/XML_DB_Table_Definition_System_Tables.xml.cfm Failed. - Time: 20121105-10:36:20Error Message: LoadXML Failed; detail: ALTER TABLE [slcms_type_user_staffroles] ADD [staff_roleid] int NOT NULL
Installation Wizard Init() called - Time: 20121105-10:53:45.
Installation Wizard Init() called - Time: 20121105-10:53:45.
Installation Wizard ProcessPage_Mainflow_Step_4() called - Time: 20121105-10:53:45.
Installation Wizard Init() called - Time: 20121105-10:53:52.
Installation Wizard Init() called - Time: 20121105-10:53:52.
Installation Wizard ProcessPage_Mainflow_Step_5() called - Time: 20121105-10:53:52.
Installation Wizard Init() called - Time: 20121119-06:09:26.
Installation Wizard Init() called - Time: 20121119-06:09:26.
Installation Wizard Init() called - Time: 20121119-06:09:59.
Installation Wizard Init() called - Time: 20121119-06:09:59.
Installation Wizard ProcessPage_Baseflow_Step_1() called - Time: 20121119-06:09:59.
Installation Wizard Init() called - Time: 20121119-06:10:02.
Installation Wizard Init() called - Time: 20121119-06:10:02.
Installation Wizard ProcessPage_Secondflow_Step_1() called - Time: 20121119-06:10:02.
Installation Wizard Init() called - Time: 20121123-15:53:09.
Installation Wizard Init() called - Time: 20121123-15:53:09.
Installation Wizard Init() called - Time: 20121124-06:50:21.
Installation Wizard Init() called - Time: 20121124-06:50:21.
Installation Wizard Init() called - Time: 20121124-06:51:41.
Installation Wizard Init() called - Time: 20121124-06:51:41.
Installation Wizard ProcessPage_Baseflow_Step_1() called - Time: 20121124-06:51:41.
Installation Wizard Init() called - Time: 20121124-07:14:17.
Installation Wizard Init() called - Time: 20121124-07:14:17.
Installation Wizard Init() called - Time: 20121124-07:14:25.
Installation Wizard Init() called - Time: 20121124-07:14:25.
Installation Wizard ProcessPage_Baseflow_Step_1() called - Time: 20121124-07:14:25.
Installation Wizard Init() called - Time: 20121124-07:14:31.
Installation Wizard Init() called - Time: 20121124-07:14:31.
Installation Wizard ProcessPage_Secondflow_Step_1() called - Time: 20121124-07:14:31.
Installation Wizard Init() called - Time: 20121124-07:15:02.
Installation Wizard Init() called - Time: 20121124-07:15:02.
Installation Wizard Init() called - Time: 20121124-07:15:38.
Installation Wizard Init() called - Time: 20121124-07:15:38.
Installation Wizard ProcessPage_Baseflow_Step_1() called - Time: 20121124-07:15:38.
Installation Wizard Init() called - Time: 20121124-07:17:00.
Installation Wizard Init() called - Time: 20121124-07:17:00.
Installation Wizard ProcessPage_Secondflow_Step_1() called - Time: 20121124-07:17:00.
Installation Wizard Init() called - Time: 20121124-07:17:31.
Installation Wizard Init() called - Time: 20121124-07:17:31.
Installation Wizard Init() called - Time: 20121124-07:17:38.
Installation Wizard Init() called - Time: 20121124-07:17:38.
Installation Wizard ProcessPage_Baseflow_Step_1() called - Time: 20121124-07:17:38.
Installation Wizard Init() called - Time: 20121124-07:23:11.
Installation Wizard Init() called - Time: 20121124-07:23:11.
Installation Wizard ProcessPage_Secondflow_Step_1() called - Time: 20121124-07:23:11.
Installation Wizard Init() called - Time: 20121124-07:23:43.
Installation Wizard Init() called - Time: 20121124-07:23:43.
Installation Wizard Init() called - Time: 20121124-07:23:49.
Installation Wizard Init() called - Time: 20121124-07:23:49.
Installation Wizard ProcessPage_Baseflow_Step_1() called - Time: 20121124-07:23:49.
Installation Wizard Init() called - Time: 20121124-07:31:28.
Installation Wizard Init() called - Time: 20121124-07:31:28.
Installation Wizard Init() called - Time: 20121124-07:31:42.
Installation Wizard Init() called - Time: 20121124-07:31:42.
Installation Wizard ProcessPage_Baseflow_Step_1() called - Time: 20121124-07:31:42.
Installation Wizard Init() called - Time: 20121124-07:47:04.
Installation Wizard Init() called - Time: 20121124-07:47:04.
Installation Wizard Init() called - Time: 20121203-08:25:36.
Installation Wizard Init() called - Time: 20121203-08:25:36.
Installation Wizard Init() called - Time: 20121203-08:28:29.
Installation Wizard Init() called - Time: 20121203-08:28:30.
Installation Wizard Init() called - Time: 20121203-08:30:30.
Installation Wizard Init() called - Time: 20121203-08:30:30.
Installation Wizard ProcessPage_Baseflow_Step_1() called - Time: 20121203-08:30:30.
Installation Wizard Init() called - Time: 20121203-08:31:58.
Installation Wizard Init() called - Time: 20121203-08:31:58.
Installation Wizard ProcessPage_Secondflow_Step_1() called - Time: 20121203-08:31:58.
Installation Wizard Init() called - Time: 20121203-08:43:17.
Installation Wizard Init() called - Time: 20121203-08:43:17.
Installation Wizard Init() called - Time: 20121203-08:43:25.
Installation Wizard Init() called - Time: 20121203-08:43:25.
Installation Wizard ProcessPage_Baseflow_Step_1() called - Time: 20121203-08:43:25.
Installation Wizard Init() called - Time: 20121203-08:43:27.
Installation Wizard Init() called - Time: 20121203-08:43:27.
Installation Wizard ProcessPage_Secondflow_Step_1() called - Time: 20121203-08:43:27.
Installation Wizard Init() called - Time: 20121203-11:03:18.
Installation Wizard Init() called - Time: 20121203-11:03:18.
